2009.07.08 23:51 B C:\Haftorah Audio\about.html --> haftorahaudio.com / about.html
2009.07.08 23:51 B C:\Haftorah Audio\contact.html --> haftorahaudio.com / contact.html
2009.07.08 23:51 B C:\Haftorah Audio\contact.js --> haftorahaudio.com / contact.js
2009.07.08 23:51 B C:\Haftorah Audio\copyright-allwebco.js --> haftorahaudio.com / copyright-allwebco.js
2009.07.08 23:51 B C:\Haftorah Audio\copyright.js --> haftorahaudio.com / copyright.js
2009.07.08 23:51 B C:\Haftorah Audio\donate.html --> haftorahaudio.com / donate.html
2009.07.08 23:51 B C:\Haftorah Audio\EnhancedAudioPop.js --> haftorahaudio.com / EnhancedAudioPop.js
2009.07.08 23:51 B C:\Haftorah Audio\EnhancedAudioPopLarge.js --> haftorahaudio.com / EnhancedAudioPopLarge.js
2009.07.08 23:51 B C:\Haftorah Audio\EtzChaim.gif --> haftorahaudio.com / EtzChaim.gif
2009.07.08 23:51 B C:\Haftorah Audio\Facebook-sm.jpg --> haftorahaudio.com / Facebook-sm.jpg
2009.07.08 23:52 B C:\Haftorah Audio\feedback.html --> haftorahaudio.com / feedback.html
2009.07.08 23:52 B C:\Haftorah Audio\FJMC LOGO.jpg --> haftorahaudio.com / FJMC LOGO.jpg
2009.07.08 23:52 B C:\Haftorah Audio\flash.txt --> haftorahaudio.com / flash.txt
2009.07.08 23:52 B C:\Haftorah Audio\floating_menu.js --> haftorahaudio.com / floating_menu.js
2009.07.08 23:52 B C:\Haftorah Audio\gdform.php --> haftorahaudio.com / gdform.php
2009.07.08 23:52 B C:\Haftorah Audio\graphic_logo-header.js --> haftorahaudio.com / graphic_logo-header.js
2009.07.08 23:52 B C:\Haftorah Audio\header.js --> haftorahaudio.com / header.js
2009.07.08 23:52 B C:\Haftorah Audio\help.html --> haftorahaudio.com / help.html
2009.07.08 23:52 B C:\Haftorah Audio\hidden links.txt --> haftorahaudio.com / hidden links.txt
2009.07.08 23:52 B C:\Haftorah Audio\hillel-258x63.png --> haftorahaudio.com / hillel-258x63.png
2009.07.08 23:52 B C:\Haftorah Audio\index.html --> haftorahaudio.com / index.html
2009.07.08 23:52 B C:\Haftorah Audio\jbi_logo.gif --> haftorahaudio.com / jbi_logo.gif
2009.07.08 23:52 B C:\Haftorah Audio\jewishmag.gif --> haftorahaudio.com / jewishmag.gif
2009.07.08 23:52 B C:\Haftorah Audio\jewsoftware.gif --> haftorahaudio.com / jewsoftware.gif
2009.07.08 23:52 B C:\Haftorah Audio\JFreeware.gif --> haftorahaudio.com / JFreeware.gif
2009.07.08 23:52 B C:\Haftorah Audio\JTS.gif --> haftorahaudio.com / JTS.gif
2009.07.08 23:52 B C:\Haftorah Audio\kakatuv.gif --> haftorahaudio.com / kakatuv.gif
2009.07.08 23:52 B C:\Haftorah Audio\links.html --> haftorahaudio.com / links.html
2009.07.08 23:53 B C:\Haftorah Audio\logo.swf --> haftorahaudio.com / logo.swf
2009.07.08 23:53 B C:\Haftorah Audio\menu.js --> haftorahaudio.com / menu.js
2009.07.08 23:53 B C:\Haftorah Audio\missing.html --> haftorahaudio.com / missing.html
2009.07.08 23:53 B C:\Haftorah Audio\mjl_logo.gif --> haftorahaudio.com / mjl_logo.gif
2009.07.08 23:53 B C:\Haftorah Audio\nhclogo.gif --> haftorahaudio.com / nhclogo.gif
2009.07.08 23:53 B C:\Haftorah Audio\NO-FORMS-products.htm --> haftorahaudio.com / NO-FORMS-products.htm
2009.07.08 23:53 B C:\Haftorah Audio\nopop.html --> haftorahaudio.com / nopop.html
2009.07.08 23:53 B C:\Haftorah Audio\page_height.js --> haftorahaudio.com / page_height.js
2009.07.08 23:53 B C:\Haftorah Audio\Rabbi-Z.jpg --> haftorahaudio.com / Rabbi-Z.jpg
2009.07.08 23:53 B C:\Haftorah Audio\RabbiZ-chair-vsmall.jpg --> haftorahaudio.com / RabbiZ-chair-vsmall.jpg
2009.07.08 23:53 B C:\Haftorah Audio\redarrow.gif --> haftorahaudio.com / redarrow.gif
2009.07.08 23:53 B C:\Haftorah Audio\sale.html --> haftorahaudio.com / sale.html
2009.07.08 23:53 B C:\Haftorah Audio\sas.php --> haftorahaudio.com / sas.php
2009.07.08 23:53 B C:\Haftorah Audio\siddur1.jpg --> haftorahaudio.com / siddur1.jpg
2009.07.08 23:53 B C:\Haftorah Audio\soundpop-old.js --> haftorahaudio.com / soundpop-old.js
2009.07.08 23:53 B C:\Haftorah Audio\soundpopbig.js --> haftorahaudio.com / soundpopbig.js
2009.07.08 23:53 B C:\Haftorah Audio\soundpoplarge-old.js --> haftorahaudio.com / soundpoplarge-old.js
2009.07.08 23:53 B C:\Haftorah Audio\soundpopsmall.js --> haftorahaudio.com / soundpopsmall.js
2009.07.08 23:53 B C:\Haftorah Audio\speaker.gif --> haftorahaudio.com / speaker.gif
2009.07.08 23:53 B C:\Haftorah Audio\speaker1.gif --> haftorahaudio.com / speaker1.gif
2009.07.08 23:53 B C:\Haftorah Audio\special.php --> haftorahaudio.com / special.php
2009.07.08 23:53 B C:\Haftorah Audio\style.css --> haftorahaudio.com / style.css
2009.07.08 23:53 B C:\Haftorah Audio\TES-JewishSoftware.gif --> haftorahaudio.com / TES-JewishSoftware.gif
2009.07.08 23:53 B C:\Haftorah Audio\testorascroll.gif --> haftorahaudio.com / testorascroll.gif
2009.07.08 23:53 B C:\Haftorah Audio\thanks-payment.html --> haftorahaudio.com / thanks-payment.html
2009.07.08 23:53 B C:\Haftorah Audio\thanks.html --> haftorahaudio.com / thanks.html
2009.07.08 23:55 B C:\Haftorah Audio\Trop-Demo.mp3 --> haftorahaudio.com / Trop-Demo.mp3
2009.07.08 23:56 B C:\Haftorah Audio\Trope.gif --> haftorahaudio.com / Trope.gif
2009.07.08 23:56 B C:\Haftorah Audio\UJ.gif --> haftorahaudio.com / UJ.gif
2009.07.08 23:56 B C:\Haftorah Audio\ynetnews.jpg --> haftorahaudio.com / ynetnews.jpg
2009.07.08 23:56 B C:\Haftorah Audio\zemirot.html --> haftorahaudio.com / zemirot.html
2009.07.09 00:00 B C:\Haftorah Audio\Chant-Torah-blog.jpg --> haftorahaudio.com / Chant-Torah-blog.jpg
2009.07.09 00:00 B C:\Haftorah Audio\SingerSiddur-logo.jpg --> haftorahaudio.com / SingerSiddur-logo.jpg
2009.07.09 00:09 B C:\Haftorah Audio\index.html --> haftorahaudio.com / index.html
2009.07.09 00:14 B C:\Haftorah Audio\index.html --> haftorahaudio.com / index.html
2009.07.09 00:17 B C:\Haftorah Audio\index.html --> haftorahaudio.com / index.html
2009.07.13 20:45 B C:\Haftorah Audio\disc.gif --> haftorahaudio.com / disc.gif
2009.07.13 20:45 B C:\Haftorah Audio\index.html --> haftorahaudio.com / index.html
2009.07.13 22:21 B C:\Haftorah Audio\index.html --> haftorahaudio.com / index.html
2009.07.13 22:21 B C:\Haftorah Audio\menu.js --> haftorahaudio.com / menu.js
2009.07.13 22:21 B C:\Haftorah Audio\trop-demo.html --> haftorahaudio.com / trop-demo.html
2009.07.13 22:28 B C:\Haftorah Audio\Trop-Demo.mp3 --> haftorahaudio.com / Trop-Demo.mp3
2009.07.13 22:29 B C:\Haftorah Audio\trop-demo.html --> haftorahaudio.com / trop-demo.html
2009.07.13 22:35 B C:\Haftorah Audio\trop-demo.html --> haftorahaudio.com / trop-demo.html
2009.07.13 22:37 B C:\Haftorah Audio\trop-demo.html --> haftorahaudio.com / trop-demo.html
2009.07.13 23:09 B C:\Haftorah Audio\trop-demo.html --> haftorahaudio.com / trop-demo.html
2009.07.13 23:55 B C:\Haftorah Audio\blue-arrow.gif --> haftorahaudio.com / blue-arrow.gif
2009.07.13 23:55 B C:\Haftorah Audio\index.html --> haftorahaudio.com / index.html
2009.07.13 23:55 B C:\Haftorah Audio\trop-demo.html --> haftorahaudio.com / trop-demo.html
2009.07.13 23:59 B C:\Haftorah Audio\index.html --> haftorahaudio.com / index.html
2009.07.15 15:43 B C:\Haftorah Audio\index.html --> haftorahaudio.com / index.html
2009.07.15 17:15 B C:\Haftorah Audio\index.html --> haftorahaudio.com / index.html
2009.07.16 15:11 B C:\Haftorah Audio\Trope.gif --> haftorahaudio.com /pages Trope.gif
2009.07.16 15:11 B C:\Haftorah Audio\beresheet.html --> haftorahaudio.com / beresheet.html
2009.07.16 15:12 B C:\Haftorah Audio\index.html --> haftorahaudio.com / index.html
2009.07.16 15:47 B C:\Haftorah Audio\beresheet.html --> haftorahaudio.com / beresheet.html
2009.07.16 15:56 B C:\Haftorah Audio\beresheet.html --> haftorahaudio.com / beresheet.html
2009.07.16 16:05 B C:\Haftorah Audio\beresheet.html --> haftorahaudio.com / beresheet.html
2009.07.16 17:18 B C:\Haftorah Audio\beresheet.html --> haftorahaudio.com / beresheet.html
2009.07.16 17:24 B C:\Haftorah Audio\bereisheet.html --> haftorahaudio.com / bereisheet.html
2009.07.16 17:25 B C:\Haftorah Audio\index.html --> haftorahaudio.com / index.html
2009.07.16 19:42 B C:\Haftorah Audio\index.html --> haftorahaudio.com / index.html
2009.07.16 19:45 B C:\Haftorah Audio\EtzChaim.gif --> haftorahaudio.com / EtzChaim.gif
2009.07.16 20:15 B C:\Haftorah Audio\construction.jpg --> haftorahaudio.com / construction.jpg
2009.07.16 20:15 B C:\Haftorah Audio\index.html --> haftorahaudio.com / index.html
2009.07.16 20:20 B C:\Haftorah Audio\index.html --> haftorahaudio.com / index.html
2009.07.16 23:39 B C:\Haftorah Audio\index.html --> haftorahaudio.com / index.html
2009.07.16 23:41 B C:\Haftorah Audio\index.html --> haftorahaudio.com / index.html
2009.07.22 00:01 B C:\Haftorah Audio\index.html --> haftorahaudio.com / index.html
2009.07.22 00:04 B C:\Haftorah Audio\index.html --> haftorahaudio.com / index.html
2009.07.22 17:28 B C:\Haftorah Audio\index.html --> haftorahaudio.com / index.html
2009.07.22 17:33 B C:\Haftorah Audio\index.html --> haftorahaudio.com / index.html
2009.07.29 17:54 B C:\Haftorah Audio\bereisheet.html --> haftorahaudio.com / bereisheet.html
2009.08.10 21:08 B C:\Haftorah Audio\bereisheet.html --> haftorahaudio.com / bereisheet.html
2009.08.10 21:10 B C:\Haftorah Audio\bereisheet.html --> haftorahaudio.com / bereisheet.html
2009.08.10 21:24 B C:\Haftorah Audio\soundpopbig.js --> haftorahaudio.com / soundpopbig.js
2009.08.10 21:57 B C:\Haftorah Audio\index.html --> haftorahaudio.com / index.html
2009.08.10 21:57 B C:\Haftorah Audio\bereisheet.html --> haftorahaudio.com / bereisheet.html
2009.08.10 22:02 B C:\Haftorah Audio\bereisheet.html --> haftorahaudio.com / bereisheet.html
2009.08.10 22:09 B C:\Haftorah Audio\index.html --> haftorahaudio.com / index.html
2009.08.10 22:17 B C:\Haftorah Audio\bereisheet.html --> haftorahaudio.com / bereisheet.html
2009.08.10 22:19 B C:\Haftorah Audio\bereisheet.html --> haftorahaudio.com / bereisheet.html
2009.08.10 22:26 B C:\Haftorah Audio\bereisheet.html --> haftorahaudio.com / bereisheet.html
2009.08.10 22:38 B C:\Haftorah Audio\bereisheet.html --> haftorahaudio.com / bereisheet.html
2009.08.10 22:41 B C:\Haftorah Audio\bereisheet.html --> haftorahaudio.com / bereisheet.html
2009.08.10 22:42 B C:\Haftorah Audio\bereisheet.html --> haftorahaudio.com / bereisheet.html
2009.08.10 22:43 B C:\Haftorah Audio\bereisheet.html --> haftorahaudio.com / bereisheet.html
2009.08.10 23:15 B C:\Haftorah Audio\bereisheet.html --> haftorahaudio.com / bereisheet.html
2009.08.10 23:15 B C:\Haftorah Audio\index.html --> haftorahaudio.com / index.html
2009.08.10 23:25 B C:\Haftorah Audio\noach.html --> haftorahaudio.com / noach.html
2009.08.10 23:25 B C:\Haftorah Audio\lechlecha.html --> haftorahaudio.com / lechlecha.html
2009.08.10 23:28 B C:\Haftorah Audio\lechlecha.html --> haftorahaudio.com / lechlecha.html
2009.08.10 23:30 B C:\Haftorah Audio\lechlecha.html --> haftorahaudio.com / lechlecha.html
2009.08.10 23:30 B C:\Haftorah Audio\noach.html --> haftorahaudio.com / noach.html
2009.08.11 12:49 B C:\Haftorah Audio\lechlecha.html --> haftorahaudio.com / lechlecha.html
2009.08.11 13:27 B C:\Haftorah Audio\vayera.html --> haftorahaudio.com / vayera.html
2009.08.11 15:28 B C:\Haftorah Audio\hayyei-sarah.html --> haftorahaudio.com / hayyei-sarah.html
2009.08.11 15:28 B C:\Haftorah Audio\toldot.html --> haftorahaudio.com / toldot.html
2009.08.11 15:28 B C:\Haftorah Audio\vayetzei-ashk.html --> haftorahaudio.com / vayetzei-ashk.html
2009.08.11 15:28 B C:\Haftorah Audio\vayetzei-seph.html --> haftorahaudio.com / vayetzei-seph.html
2009.08.12 23:17 B C:\Haftorah Audio\missing.html --> haftorahaudio.com / missing.html
2009.08.12 23:18 B C:\Haftorah Audio\vayeshev.html --> haftorahaudio.com / vayeshev.html
2009.08.12 23:18 B C:\Haftorah Audio\vayishlach.html --> haftorahaudio.com / vayishlach.html
2009.08.13 00:08 B C:\Haftorah Audio\about.html --> haftorahaudio.com / about.html
2009.08.13 00:08 B C:\Haftorah Audio\feedback.html --> haftorahaudio.com / feedback.html
2009.08.13 00:08 B C:\Haftorah Audio\links.html --> haftorahaudio.com / links.html
2009.08.13 09:54 B C:\Haftorah Audio\index.html --> haftorahaudio.com / index.html
2009.08.15 17:21 B C:\Haftorah Audio\toldot-demo.mp3 <-- Haftorah Audio /Audio toldot-demo.mp3
2009.08.15 21:16 B C:\Haftorah Audio\disable-rightmouseclick.js --> haftorahaudio.com / disable-rightmouseclick.js
2009.08.15 21:16 B C:\Haftorah Audio\download.png --> haftorahaudio.com / download.png
2009.08.15 21:16 B C:\Haftorah Audio\bereisheet.html --> haftorahaudio.com / bereisheet.html
2009.08.15 21:30 B C:\Haftorah Audio\bereisheet.html --> haftorahaudio.com / bereisheet.html
2009.08.15 21:30 B C:\Haftorah Audio\noach.html --> haftorahaudio.com / noach.html
2009.08.15 21:30 B C:\Haftorah Audio\lechlecha.html --> haftorahaudio.com / lechlecha.html
2009.08.15 21:30 B C:\Haftorah Audio\vayera.html --> haftorahaudio.com / vayera.html
2009.08.15 21:31 B C:\Haftorah Audio\hayyei-sarah.html --> haftorahaudio.com / hayyei-sarah.html
2009.08.15 21:31 B C:\Haftorah Audio\toldot.html --> haftorahaudio.com / toldot.html
2009.08.15 21:31 B C:\Haftorah Audio\vayetzei-ashk.html --> haftorahaudio.com / vayetzei-ashk.html
2009.08.15 21:31 B C:\Haftorah Audio\vayetzei-seph.html --> haftorahaudio.com / vayetzei-seph.html
2009.08.15 21:31 B C:\Haftorah Audio\vayishlach.html --> haftorahaudio.com / vayishlach.html
2009.08.15 21:31 B C:\Haftorah Audio\vayeshev.html --> haftorahaudio.com / vayeshev.html
2009.08.15 21:52 B C:\Haftorah Audio\miketz.html --> haftorahaudio.com / miketz.html
2009.08.15 21:52 B C:\Haftorah Audio\vayigash.html --> haftorahaudio.com / vayigash.html
2009.08.15 21:52 B C:\Haftorah Audio\vayechi.html --> haftorahaudio.com / vayechi.html
2009.08.16 22:07 B C:\Haftorah Audio\machar-chodesh.html --> haftorahaudio.com / machar-chodesh.html
2009.08.16 22:07 B C:\Haftorah Audio\shabbat-chanukah-1.html --> haftorahaudio.com / shabbat-chanukah-1.html
2009.08.16 22:07 B C:\Haftorah Audio\shabbat-chanukah-2.html --> haftorahaudio.com / shabbat-chanukah-2.html
2009.08.16 22:07 B C:\Haftorah Audio\shabbat-rosh-chodesh.html --> haftorahaudio.com / shabbat-rosh-chodesh.html
2009.08.16 22:24 B C:\Haftorah Audio\index.html --> haftorahaudio.com / index.html
2009.08.17 21:46 B C:\Haftorah Audio\index.html --> haftorahaudio.com / index.html
2009.08.17 22:04 B C:\Haftorah Audio\bo.html --> haftorahaudio.com / bo.html
2009.08.17 22:04 B C:\Haftorah Audio\shemot-ashk.html --> haftorahaudio.com / shemot-ashk.html
2009.08.17 22:04 B C:\Haftorah Audio\shemot-seph.html --> haftorahaudio.com / shemot-seph.html
2009.08.17 22:04 B C:\Haftorah Audio\vaera.html --> haftorahaudio.com / vaera.html
2009.08.17 23:01 B C:\Haftorah Audio\index.html --> haftorahaudio.com / index.html
2009.08.17 23:03 B C:\Haftorah Audio\index.html --> haftorahaudio.com / index.html
2009.08.17 23:38 B C:\Haftorah Audio\index.html --> haftorahaudio.com / index.html
2009.08.17 23:39 B C:\Haftorah Audio\index.html --> haftorahaudio.com / index.html
2009.08.17 23:42 B C:\Haftorah Audio\index.html --> haftorahaudio.com / index.html
2009.08.19 17:13 B C:\Haftorah Audio\beshalach-ashk.html --> haftorahaudio.com / beshalach-ashk.html
2009.08.19 17:13 B C:\Haftorah Audio\beshalach-seph.html --> haftorahaudio.com / beshalach-seph.html
2009.08.19 17:14 B C:\Haftorah Audio\mishpatim.html --> haftorahaudio.com / mishpatim.html
2009.08.19 17:14 B C:\Haftorah Audio\yitro-ashk.html --> haftorahaudio.com / yitro-ashk.html
2009.08.19 17:14 B C:\Haftorah Audio\yitro-seph.html --> haftorahaudio.com / yitro-seph.html
2009.08.19 17:18 B C:\Haftorah Audio\yitro-ashk.html --> haftorahaudio.com / yitro-ashk.html
2009.08.19 17:18 B C:\Haftorah Audio\yitro-seph.html --> haftorahaudio.com / yitro-seph.html
2009.08.20 00:13 B C:\Haftorah Audio\index.html --> haftorahaudio.com / index.html
2009.08.20 00:13 B C:\Haftorah Audio\menu.js --> haftorahaudio.com / menu.js
2009.08.20 00:14 B C:\Haftorah Audio\download.html --> haftorahaudio.com / download.html
2009.09.08 01:09 B C:\Haftorah Audio\index.html --> haftorahaudio.com / index.html
2009.09.08 01:48 B C:\Haftorah Audio\terumah.html --> haftorahaudio.com / terumah.html
2009.09.08 01:49 B C:\Haftorah Audio\shekalim-ashk.html --> haftorahaudio.com / shekalim-ashk.html
2009.09.08 01:49 B C:\Haftorah Audio\shekalim-seph.html --> haftorahaudio.com / shekalim-seph.html
2009.09.08 01:49 B C:\Haftorah Audio\zachor.html --> haftorahaudio.com / zachor.html
2009.09.08 01:49 B C:\Haftorah Audio\rosh-hashanah-1.html --> haftorahaudio.com / rosh-hashanah-1.html
2009.09.08 01:49 B C:\Haftorah Audio\yom-kippur.html --> haftorahaudio.com / yom-kippur.html
2009.09.08 12:21 B C:\Haftorah Audio\rosh-hashanah-1.html --> haftorahaudio.com / rosh-hashanah-1.html
2009.09.08 12:21 B C:\Haftorah Audio\rosh-hashanah-2.html --> haftorahaudio.com / rosh-hashanah-2.html
2009.09.08 12:21 B C:\Haftorah Audio\rosh-hashanah-2.html --> haftorahaudio.com / rosh-hashanah-2.html
2009.09.08 12:22 B C:\Haftorah Audio\zachor.html --> haftorahaudio.com / zachor.html
2009.09.08 12:22 B C:\Haftorah Audio\yom-kippur.html --> haftorahaudio.com / yom-kippur.html
2009.09.08 12:46 B C:\Haftorah Audio\rosh-hashanah-1.html --> haftorahaudio.com / rosh-hashanah-1.html
2009.09.08 12:46 B C:\Haftorah Audio\rosh-hashanah-2.html --> haftorahaudio.com / rosh-hashanah-2.html
2009.09.08 12:47 B C:\Haftorah Audio\yom-kippur.html --> haftorahaudio.com / yom-kippur.html
2009.09.08 13:02 B C:\Haftorah Audio\index.html --> haftorahaudio.com / index.html
2009.09.09 10:55 B C:\Haftorah Audio\index.html --> haftorahaudio.com / index.html
2009.09.09 12:11 B C:\Haftorah Audio\index.html --> haftorahaudio.com / index.html
2009.09.09 15:47 B C:\Haftorah Audio\hachodesh-ashk.html --> haftorahaudio.com / hachodesh-ashk.html
2009.09.09 15:47 B C:\Haftorah Audio\hachodesh-seph.html --> haftorahaudio.com / hachodesh-seph.html
2009.09.09 15:47 B C:\Haftorah Audio\parah.html --> haftorahaudio.com / parah.html
2009.09.09 15:49 B C:\Haftorah Audio\hachodesh-seph.html --> haftorahaudio.com / hachodesh-seph.html
2009.09.09 23:13 B C:\Haftorah Audio\index.html --> haftorahaudio.com / index.html
2009.09.09 23:14 B C:\Haftorah Audio\index.html --> haftorahaudio.com / index.html
2009.09.14 09:47 B C:\Haftorah Audio\flash.txt --> haftorahaudio.com / flash.txt
2009.09.14 09:47 B C:\Haftorah Audio\index.html --> haftorahaudio.com / index.html
2009.09.14 10:56 B C:\Haftorah Audio\index.html --> haftorahaudio.com / index.html
2009.09.14 11:18 B C:\Haftorah Audio\flash.txt --> haftorahaudio.com / flash.txt
2009.10.09 16:31 B C:\Haftorah Audio\hagadol.html --> haftorahaudio.com / hagadol.html
2009.10.09 16:31 B C:\Haftorah Audio\shemini.html --> haftorahaudio.com / shemini.html
2009.10.09 16:31 B C:\Haftorah Audio\vayikra.html --> haftorahaudio.com / vayikra.html
2009.10.09 17:10 B C:\Haftorah Audio\index.html --> haftorahaudio.com / index.html
2009.10.09 17:12 B C:\Haftorah Audio\index.html --> haftorahaudio.com / index.html
2009.10.13 13:42 B C:\Haftorah Audio\hagadol.html --> haftorahaudio.com / hagadol.html
2009.10.25 09:00 B C:\Haftorah Audio\index.html --> haftorahaudio.com / index.html
2009.10.25 23:43 B C:\Haftorah Audio\aharei-kedoshim-1.html --> haftorahaudio.com / aharei-kedoshim-1.html
2009.10.25 23:43 B C:\Haftorah Audio\aharei-kedoshim-2.html --> haftorahaudio.com / aharei-kedoshim-2.html
2009.10.25 23:43 B C:\Haftorah Audio\kedoshim-seph.html --> haftorahaudio.com / kedoshim-seph.html
2009.10.25 23:43 B C:\Haftorah Audio\metzora.html --> haftorahaudio.com / metzora.html
2009.10.27 22:05 B C:\Haftorah Audio\bechukotai.html --> haftorahaudio.com / bechukotai.html
2009.10.27 22:05 B C:\Haftorah Audio\behar.html --> haftorahaudio.com / behar.html
2009.10.27 22:05 B C:\Haftorah Audio\emor.html --> haftorahaudio.com / emor.html
2009.10.27 22:09 B C:\Haftorah Audio\bamidbar.html --> haftorahaudio.com / bamidbar.html
2009.10.27 22:20 B C:\Haftorah Audio\index.html --> haftorahaudio.com / index.html
2009.10.29 22:05 B C:\Haftorah Audio\index.html --> haftorahaudio.com / index.html
2009.10.29 22:27 B C:\Haftorah Audio\bhaalotcha.html --> haftorahaudio.com / bhaalotcha.html
2009.10.29 22:27 B C:\Haftorah Audio\naso.html --> haftorahaudio.com / naso.html
2009.10.29 22:28 B C:\Haftorah Audio\shelach-lecha.html --> haftorahaudio.com / shelach-lecha.html
2009.10.29 23:38 B C:\Haftorah Audio\index.html --> haftorahaudio.com / index.html
2009.11.04 12:05 B C:\Haftorah Audio\download.html --> haftorahaudio.com / download.html
2009.11.04 12:08 B C:\Haftorah Audio\download.html --> haftorahaudio.com / download.html
2009.11.12 23:46 B C:\Haftorah Audio\balak.html --> haftorahaudio.com / balak.html
2009.11.12 23:46 B C:\Haftorah Audio\hukkat.html --> haftorahaudio.com / hukkat.html
2009.11.12 23:46 B C:\Haftorah Audio\korach.html --> haftorahaudio.com / korach.html
2009.11.12 23:46 B C:\Haftorah Audio\pinchas.html --> haftorahaudio.com / pinchas.html
2009.11.13 10:05 B C:\Haftorah Audio\index.html --> haftorahaudio.com / index.html
2009.11.19 23:52 B C:\Haftorah Audio\feedback.html --> haftorahaudio.com / feedback.html
2009.11.24 00:30 B C:\Haftorah Audio\index.html --> haftorahaudio.com / index.html
2009.11.25 11:27 B C:\Haftorah Audio\download.html --> haftorahaudio.com / download.html
2009.12.01 23:35 B C:\Haftorah Audio\index.html --> haftorahaudio.com / index.html
2009.12.03 22:29 B C:\Haftorah Audio\trop-demo.html --> haftorahaudio.com / trop-demo.html
2009.12.05 19:22 B C:\Haftorah Audio\masei-ashk.html --> haftorahaudio.com / masei-ashk.html
2009.12.05 19:22 B C:\Haftorah Audio\masei-seph.html --> haftorahaudio.com / masei-seph.html
2009.12.05 19:22 B C:\Haftorah Audio\matot.html --> haftorahaudio.com / matot.html
2009.12.05 19:22 B C:\Haftorah Audio\devarim.html --> haftorahaudio.com / devarim.html
2009.12.05 19:22 B C:\Haftorah Audio\veetchanan.html --> haftorahaudio.com / veetchanan.html
2009.12.10 23:15 B C:\Haftorah Audio\devarim.html --> haftorahaudio.com / devarim.html
2009.12.10 23:15 B C:\Haftorah Audio\miketz.html --> haftorahaudio.com / miketz.html
2009.12.10 23:17 B C:\Haftorah Audio\devarim.html --> haftorahaudio.com / devarim.html
2009.12.10 23:17 B C:\Haftorah Audio\miketz.html --> haftorahaudio.com / miketz.html
2009.12.11 17:11 B C:\Haftorah Audio\download.html --> haftorahaudio.com / download.html
2009.12.12 20:08 B C:\Haftorah Audio\ekev.html --> haftorahaudio.com / ekev.html
2009.12.12 20:08 B C:\Haftorah Audio\reeh.html --> haftorahaudio.com / reeh.html
2009.12.12 20:09 B C:\Haftorah Audio\shoftim.html --> haftorahaudio.com / shoftim.html
2009.12.12 20:09 B C:\Haftorah Audio\ki-tavo.html --> haftorahaudio.com / ki-tavo.html
2009.12.12 20:09 B C:\Haftorah Audio\ki-tetze.html --> haftorahaudio.com / ki-tetze.html
2009.12.14 23:22 B C:\Haftorah Audio\index.html --> haftorahaudio.com / index.html
2009.12.14 23:23 B C:\Haftorah Audio\haazinu.html --> haftorahaudio.com / haazinu.html
2009.12.14 23:23 B C:\Haftorah Audio\nitzavim.html --> haftorahaudio.com / nitzavim.html
2009.12.14 23:25 B C:\Haftorah Audio\index.html --> haftorahaudio.com / index.html
2009.12.14 23:29 B C:\Haftorah Audio\index.html --> haftorahaudio.com / index.html
2009.12.15 00:02 B C:\Haftorah Audio\missing.html --> haftorahaudio.com / missing.html
2009.12.15 00:02 B C:\Haftorah Audio\index.html <-- Haftorah Audio / index.html
2009.12.15 00:29 B C:\Haftorah Audio\index.html --> haftorahaudio.com / index.html
2009.12.16 13:23 B C:\Haftorah Audio\haazinu.html --> haftorahaudio.com / haazinu.html
2009.12.16 13:23 B C:\Haftorah Audio\shuvah.html --> haftorahaudio.com / shuvah.html
2009.12.16 17:40 B C:\Haftorah Audio\haazinu.html --> haftorahaudio.com / haazinu.html
2009.12.16 17:40 B C:\Haftorah Audio\shuvah.html --> haftorahaudio.com / shuvah.html
2009.12.16 23:59 B C:\Haftorah Audio\shuvah.html --> haftorahaudio.com / shuvah.html
2009.12.18 09:47 B C:\Haftorah Audio\about.html --> haftorahaudio.com / about.html
2009.12.20 20:00 B C:\Haftorah Audio\tetzaveh.html --> haftorahaudio.com / tetzaveh.html
2009.12.20 20:00 B C:\Haftorah Audio\ki-tissa-ashk.html --> haftorahaudio.com / ki-tissa-ashk.html
2009.12.20 20:00 B C:\Haftorah Audio\ki-tissa-seph.html --> haftorahaudio.com / ki-tissa-seph.html
2009.12.20 20:01 B C:\Haftorah Audio\vayakhel-ashk.html --> haftorahaudio.com / vayakhel-ashk.html
2009.12.20 20:01 B C:\Haftorah Audio\vayakhel-seph.html --> haftorahaudio.com / vayakhel-seph.html
2009.12.20 20:01 B C:\Haftorah Audio\pekudei-ashk.html --> haftorahaudio.com / pekudei-ashk.html
2010.01.10 19:48 B C:\Haftorah Audio\index.html --> haftorahaudio.com / index.html
2010.01.20 23:33 B C:\Haftorah Audio\index.html --> haftorahaudio.com / index.html
2010.02.28 21:05 B C:\Haftorah Audio\tazria.html --> haftorahaudio.com / tazria.html
2010.02.28 21:05 B C:\Haftorah Audio\tzav.html --> haftorahaudio.com / tzav.html
2010.03.01 22:55 B C:\Haftorah Audio\pesach-1.html --> haftorahaudio.com / pesach-1.html
2010.03.01 22:56 B C:\Haftorah Audio\pesach-2.html --> haftorahaudio.com / pesach-2.html
2010.03.01 23:02 B C:\Haftorah Audio\pesach-1.html --> haftorahaudio.com / pesach-1.html
2010.03.01 23:02 B C:\Haftorah Audio\pesach-2.html --> haftorahaudio.com / pesach-2.html
2010.03.01 23:02 B C:\Haftorah Audio\pesach-chol-hamoed.html --> haftorahaudio.com / pesach-chol-hamoed.html
2010.03.10 21:57 B C:\Haftorah Audio\index.html --> haftorahaudio.com / index.html
2010.03.11 23:18 B C:\Haftorah Audio\menu.js --> haftorahaudio.com / menu.js
2010.05.13 22:37 B C:\Haftorah Audio\contact.html --> haftorahaudio.com / contact.html
2010.06.13 13:25 B C:\Haftorah Audio\naaleh.jpg --> haftorahaudio.com / naaleh.jpg
2010.06.13 13:25 B C:\Haftorah Audio\links.html --> haftorahaudio.com / links.html
2010.06.16 23:26 B C:\Haftorah Audio\links.html --> haftorahaudio.com / links.html
2010.08.17 17:04 B C:\Haftorah Audio\index.html --> haftorahaudio.com / index.html
2010.08.17 17:11 B C:\Haftorah Audio\index.html --> haftorahaudio.com / index.html
2010.08.20 00:23 B C:\Haftorah Audio\menu.js --> haftorahaudio.com / menu.js
2010.09.06 20:58 B C:\Haftorah Audio\index.html --> haftorahaudio.com / index.html
2010.09.21 19:38 B C:\Haftorah Audio\sukkot-1.html --> haftorahaudio.com / sukkot-1.html
2010.09.21 19:40 B C:\Haftorah Audio\sukkot-1.html --> haftorahaudio.com / sukkot-1.html
2010.09.21 23:13 B C:\Haftorah Audio\sukkot-2.html --> haftorahaudio.com / sukkot-2.html
2010.09.21 23:13 B C:\Haftorah Audio\sukkot-chol-hamoed.html --> haftorahaudio.com / sukkot-chol-hamoed.html
2010.09.21 23:14 B C:\Haftorah Audio\sukkot-chol-hamoed.html --> haftorahaudio.com / sukkot-chol-hamoed.html
2010.09.28 20:22 B C:\Haftorah Audio\shemini-atzeret.html --> haftorahaudio.com / shemini-atzeret.html
2010.09.28 20:22 B C:\Haftorah Audio\simchat-torah.html --> haftorahaudio.com / simchat-torah.html
2010.10.07 13:34 B C:\Haftorah Audio\about.html --> haftorahaudio.com / about.html
2010.10.08 20:30 B C:\Haftorah Audio\index.html --> haftorahaudio.com / index.html
2010.10.11 22:04 B C:\Haftorah Audio\tutoring.html --> haftorahaudio.com / tutoring.html
2010.10.11 22:07 B C:\Haftorah Audio\tutoring.html --> haftorahaudio.com / tutoring.html
2010.10.11 22:13 B C:\Haftorah Audio\tutoring.html --> haftorahaudio.com / tutoring.html
2010.10.11 22:16 B C:\Haftorah Audio\tutoring.html --> haftorahaudio.com / tutoring.html
2010.10.11 22:20 B C:\Haftorah Audio\tutoring.html --> haftorahaudio.com / tutoring.html
2010.10.17 15:51 B C:\Haftorah Audio\Miryam.jpg --> haftorahaudio.com / Miryam.jpg
2010.10.17 15:52 B C:\Haftorah Audio\tutoring.html --> haftorahaudio.com / tutoring.html
2010.10.18 22:03 B C:\Haftorah Audio\tutoring.html --> haftorahaudio.com / tutoring.html
2010.10.19 20:18 B C:\Haftorah Audio\menu.js --> haftorahaudio.com / menu.js
2010.10.19 20:19 B C:\Haftorah Audio\menu.js --> haftorahaudio.com / menu.js
2010.10.19 20:21 B C:\Haftorah Audio\menu.js --> haftorahaudio.com / menu.js
2010.10.19 20:31 B C:\Haftorah Audio\index.html --> haftorahaudio.com / index.html
2010.10.19 20:36 B C:\Haftorah Audio\index.html --> haftorahaudio.com / index.html
2010.10.19 20:40 B C:\Haftorah Audio\menu.js --> haftorahaudio.com / menu.js
2010.10.31 21:25 B C:\Haftorah Audio\index.html --> haftorahaudio.com / index.html
2010.11.02 00:13 B C:\Haftorah Audio\emeshaftorahbarmitzvah.gif --> haftorahaudio.com / emeshaftorahbarmitzvah.gif
2010.11.02 00:13 B C:\Haftorah Audio\haftorah-artwork.html --> haftorahaudio.com / haftorah-artwork.html
2010.11.02 00:17 B C:\Haftorah Audio\haftorah-artwork.html --> haftorahaudio.com / haftorah-artwork.html
2010.11.03 23:27 B C:\Haftorah Audio\haftorah-artwork.html --> haftorahaudio.com / haftorah-artwork.html
2010.11.04 00:34 B C:\Haftorah Audio\haftorah-artwork.html --> haftorahaudio.com / haftorah-artwork.html
2010.11.04 00:37 B C:\Haftorah Audio\haftorah-artwork.html --> haftorahaudio.com / haftorah-artwork.html
2010.11.04 14:24 B C:\Haftorah Audio\haftorah-artwork.html --> haftorahaudio.com / haftorah-artwork.html
2010.11.08 13:04 B C:\Haftorah Audio\artwork-gift.html --> haftorahaudio.com / artwork-gift.html
2010.11.08 13:09 B C:\Haftorah Audio\menu.js --> haftorahaudio.com / menu.js
2010.11.08 13:10 B C:\Haftorah Audio\menu.js --> haftorahaudio.com / menu.js
2010.11.08 13:15 B C:\Haftorah Audio\about.html --> haftorahaudio.com / about.html
2010.11.08 13:17 B C:\Haftorah Audio\menu.js --> haftorahaudio.com / menu.js
2010.11.08 13:22 B C:\Haftorah Audio\menu.js --> haftorahaudio.com / menu.js
2010.11.08 13:43 B C:\Haftorah Audio\index.html --> haftorahaudio.com / index.html
2010.11.08 13:43 B C:\Haftorah Audio\trop-demo.html --> haftorahaudio.com / trop-demo.html
2010.11.08 13:49 B C:\Haftorah Audio\index.html --> haftorahaudio.com / index.html
2010.11.09 20:48 B C:\Haftorah Audio\artwork-gift.html --> haftorahaudio.com / artwork-gift.html
2010.12.06 21:31 B C:\Haftorah Audio\Trop-Demo.mp3 <-- Haftorah Audio / Trop-Demo.mp3
2011.01.04 15:21 B C:\Haftorah Audio\index.html --> haftorahaudio.com / index.html
2011.01.04 15:22 B C:\Haftorah Audio\about.html --> haftorahaudio.com / about.html
2011.01.05 00:45 B C:\Haftorah Audio\download.html --> haftorahaudio.com / download.html
2011.01.05 00:46 B C:\Haftorah Audio\download.html --> haftorahaudio.com / download.html
2011.01.05 00:47 B C:\Haftorah Audio\download.html --> haftorahaudio.com / download.html
2011.01.17 23:28 B C:\Haftorah Audio\index.html --> haftorahaudio.com / index.html
2011.01.17 23:28 B C:\Haftorah Audio\trop-demo.html --> haftorahaudio.com / trop-demo.html
2011.01.19 16:02 B C:\Haftorah Audio\Trop-Demo.mp3 <-- Haftorah Audio / Trop-Demo.mp3
2011.02.17 23:27 B C:\Haftorah Audio\index.html --> haftorahaudio.com / index.html
2011.04.07 22:14 B C:\Haftorah Audio\pesach-7.html --> haftorahaudio.com / pesach-7.html
2011.04.07 22:14 B C:\Haftorah Audio\pesach-8.html --> haftorahaudio.com / pesach-8.html
2011.04.07 22:14 B C:\Haftorah Audio\shavuot-1.html --> haftorahaudio.com / shavuot-1.html
2011.04.21 22:57 B C:\Haftorah Audio\download.png --> haftorahaudio.com / download.png
2011.04.21 23:00 B C:\Haftorah Audio\download.png --> haftorahaudio.com / download.png
2011.07.12 08:16 B C:\Haftorah Audio\index.html --> haftorahaudio.com / index.html
2011.07.12 08:16 B C:\Haftorah Audio\menu.js --> haftorahaudio.com / menu.js
2011.07.12 08:16 B C:\Haftorah Audio\download.html --> haftorahaudio.com / download.html
2011.07.12 08:16 B C:\Haftorah Audio\shoftim.html <-- Haftorah Audio / shoftim.html
2011.07.12 08:17 B C:\Haftorah Audio\shuvah.html <-- Haftorah Audio / shuvah.html
2011.07.12 08:59 B C:\Haftorah Audio\download.html --> haftorahaudio.com / download.html
2011.07.31 23:06 B C:\Haftorah Audio\menu.js --> haftorahaudio.com / menu.js
2011.07.31 23:12 B C:\Haftorah Audio\judaicastore.html --> haftorahaudio.com / judaicastore.html
2011.08.01 00:09 B C:\Haftorah Audio\judaicastore.html --> haftorahaudio.com / judaicastore.html
2011.08.07 13:41 B C:\Haftorah Audio\index.html --> haftorahaudio.com / index.html
2011.08.07 13:58 B C:\Haftorah Audio\judaicastore.html --> haftorahaudio.com / judaicastore.html
2011.08.13 21:09 B C:\Haftorah Audio\download-full.png --> haftorahaudio.com / download-full.png
2011.08.13 21:09 B C:\Haftorah Audio\bereisheet.html --> haftorahaudio.com / bereisheet.html
2011.08.14 00:10 B C:\Haftorah Audio\powered-by-amazon-b._V156424183_.png --> haftorahaudio.com / powered-by-amazon-b._V156424183_.png
2011.08.14 00:10 B C:\Haftorah Audio\WELCOME.gif --> haftorahaudio.com / WELCOME.gif
2011.08.14 00:10 B C:\Haftorah Audio\bereisheet.html --> haftorahaudio.com / bereisheet.html
2011.08.14 12:44 B C:\Haftorah Audio\advert.js --> haftorahaudio.com / advert.js
2011.08.14 12:45 B C:\Haftorah Audio\bereisheet.html --> haftorahaudio.com / bereisheet.html
2011.08.14 13:05 B C:\Haftorah Audio\index.html --> haftorahaudio.com / index.html
2011.08.14 13:23 B C:\Haftorah Audio\index.html --> haftorahaudio.com / index.html
2011.08.14 13:27 B C:\Haftorah Audio\index.html --> haftorahaudio.com / index.html
2011.08.14 13:31 B C:\Haftorah Audio\index.html --> haftorahaudio.com / index.html
2011.08.14 13:32 B C:\Haftorah Audio\index.html --> haftorahaudio.com / index.html
2011.08.14 13:44 B C:\Haftorah Audio\noach.html --> haftorahaudio.com / noach.html
2011.08.14 13:44 B C:\Haftorah Audio\lechlecha.html --> haftorahaudio.com / lechlecha.html
2011.08.14 14:06 B C:\Haftorah Audio\vayera.html --> haftorahaudio.com / vayera.html
2011.08.14 14:06 B C:\Haftorah Audio\hayyei-sarah.html --> haftorahaudio.com / hayyei-sarah.html
2011.08.14 14:07 B C:\Haftorah Audio\toldot.html --> haftorahaudio.com / toldot.html
2011.08.14 14:08 B C:\Haftorah Audio\vayeshev.html --> haftorahaudio.com / vayeshev.html
2011.08.14 14:08 B C:\Haftorah Audio\vayetzei-ashk.html --> haftorahaudio.com / vayetzei-ashk.html
2011.08.14 14:08 B C:\Haftorah Audio\vayetzei-seph.html --> haftorahaudio.com / vayetzei-seph.html
2011.08.14 14:08 B C:\Haftorah Audio\vayigash.html --> haftorahaudio.com / vayigash.html
2011.08.14 14:08 B C:\Haftorah Audio\vayechi.html --> haftorahaudio.com / vayechi.html
2011.08.14 14:08 B C:\Haftorah Audio\miketz.html --> haftorahaudio.com / miketz.html
2011.08.14 14:09 B C:\Haftorah Audio\vayishlach.html --> haftorahaudio.com / vayishlach.html
2011.08.14 15:03 B C:\Haftorah Audio\shemot-ashk.html --> haftorahaudio.com / shemot-ashk.html
2011.08.14 15:03 B C:\Haftorah Audio\shemot-seph.html --> haftorahaudio.com / shemot-seph.html
2011.08.14 15:03 B C:\Haftorah Audio\vaera.html --> haftorahaudio.com / vaera.html
2011.08.14 15:03 B C:\Haftorah Audio\bo.html --> haftorahaudio.com / bo.html
2011.08.14 15:03 B C:\Haftorah Audio\beshalach-ashk.html --> haftorahaudio.com / beshalach-ashk.html
2011.08.14 15:03 B C:\Haftorah Audio\beshalach-seph.html --> haftorahaudio.com / beshalach-seph.html
2011.08.14 15:04 B C:\Haftorah Audio\yitro-ashk.html --> haftorahaudio.com / yitro-ashk.html
2011.08.14 15:04 B C:\Haftorah Audio\yitro-seph.html --> haftorahaudio.com / yitro-seph.html
2011.08.14 15:04 B C:\Haftorah Audio\mishpatim.html --> haftorahaudio.com / mishpatim.html
2011.08.14 15:04 B C:\Haftorah Audio\terumah.html --> haftorahaudio.com / terumah.html
2011.08.14 15:04 B C:\Haftorah Audio\tetzaveh.html --> haftorahaudio.com / tetzaveh.html
2011.08.14 15:04 B C:\Haftorah Audio\ki-tissa-ashk.html --> haftorahaudio.com / ki-tissa-ashk.html
2011.08.14 15:05 B C:\Haftorah Audio\ki-tissa-seph.html --> haftorahaudio.com / ki-tissa-seph.html
2011.08.14 15:05 B C:\Haftorah Audio\vayakhel-ashk.html --> haftorahaudio.com / vayakhel-ashk.html
2011.08.14 15:05 B C:\Haftorah Audio\vayakhel-seph.html --> haftorahaudio.com / vayakhel-seph.html
2011.08.14 15:05 B C:\Haftorah Audio\pekudei-ashk.html --> haftorahaudio.com / pekudei-ashk.html
2011.08.14 15:25 B C:\Haftorah Audio\vayikra.html --> haftorahaudio.com / vayikra.html
2011.08.14 15:25 B C:\Haftorah Audio\tzav.html --> haftorahaudio.com / tzav.html
2011.08.14 15:25 B C:\Haftorah Audio\shemini.html --> haftorahaudio.com / shemini.html
2011.08.14 15:25 B C:\Haftorah Audio\tazria.html --> haftorahaudio.com / tazria.html
2011.08.14 15:25 B C:\Haftorah Audio\metzora.html --> haftorahaudio.com / metzora.html
2011.08.14 15:25 B C:\Haftorah Audio\aharei-kedoshim-1.html --> haftorahaudio.com / aharei-kedoshim-1.html
2011.08.14 15:25 B C:\Haftorah Audio\aharei-kedoshim-2.html --> haftorahaudio.com / aharei-kedoshim-2.html
2011.08.14 15:26 B C:\Haftorah Audio\kedoshim-seph.html --> haftorahaudio.com / kedoshim-seph.html
2011.08.14 15:26 B C:\Haftorah Audio\emor.html --> haftorahaudio.com / emor.html
2011.08.14 15:26 B C:\Haftorah Audio\behar.html --> haftorahaudio.com / behar.html
2011.08.14 15:26 B C:\Haftorah Audio\bechukotai.html --> haftorahaudio.com / bechukotai.html
2011.08.14 21:23 B C:\Haftorah Audio\bamidbar.html --> haftorahaudio.com / bamidbar.html
2011.08.14 21:23 B C:\Haftorah Audio\naso.html --> haftorahaudio.com / naso.html
2011.08.14 21:24 B C:\Haftorah Audio\bhaalotcha.html --> haftorahaudio.com / bhaalotcha.html
2011.08.14 21:24 B C:\Haftorah Audio\shelach-lecha.html --> haftorahaudio.com / shelach-lecha.html
2011.08.14 21:24 B C:\Haftorah Audio\korach.html --> haftorahaudio.com / korach.html
2011.08.14 21:24 B C:\Haftorah Audio\hukkat.html --> haftorahaudio.com / hukkat.html
2011.08.14 21:24 B C:\Haftorah Audio\balak.html --> haftorahaudio.com / balak.html
2011.08.14 21:24 B C:\Haftorah Audio\pinchas.html --> haftorahaudio.com / pinchas.html
2011.08.14 21:25 B C:\Haftorah Audio\masei-ashk.html --> haftorahaudio.com / masei-ashk.html
2011.08.14 21:25 B C:\Haftorah Audio\masei-seph.html --> haftorahaudio.com / masei-seph.html
2011.08.14 21:25 B C:\Haftorah Audio\matot.html --> haftorahaudio.com / matot.html
2011.08.14 21:38 B C:\Haftorah Audio\shuvah.html --> haftorahaudio.com / shuvah.html
2011.08.14 21:39 B C:\Haftorah Audio\devarim.html --> haftorahaudio.com / devarim.html
2011.08.14 21:39 B C:\Haftorah Audio\veetchanan.html --> haftorahaudio.com / veetchanan.html
2011.08.14 21:39 B C:\Haftorah Audio\ekev.html --> haftorahaudio.com / ekev.html
2011.08.14 21:39 B C:\Haftorah Audio\reeh.html --> haftorahaudio.com / reeh.html
2011.08.14 21:40 B C:\Haftorah Audio\shoftim.html --> haftorahaudio.com / shoftim.html
2011.08.14 21:40 B C:\Haftorah Audio\ki-tavo.html --> haftorahaudio.com / ki-tavo.html
2011.08.14 21:40 B C:\Haftorah Audio\ki-tetze.html --> haftorahaudio.com / ki-tetze.html
2011.08.14 21:40 B C:\Haftorah Audio\nitzavim.html --> haftorahaudio.com / nitzavim.html
2011.08.14 21:40 B C:\Haftorah Audio\haazinu.html --> haftorahaudio.com / haazinu.html
2011.08.14 22:43 B C:\Haftorah Audio\machar-chodesh.html --> haftorahaudio.com / machar-chodesh.html
2011.08.14 22:43 B C:\Haftorah Audio\shabbat-rosh-chodesh.html --> haftorahaudio.com / shabbat-rosh-chodesh.html
2011.08.14 22:43 B C:\Haftorah Audio\shabbat-chanukah-1.html --> haftorahaudio.com / shabbat-chanukah-1.html
2011.08.14 22:43 B C:\Haftorah Audio\shabbat-chanukah-2.html --> haftorahaudio.com / shabbat-chanukah-2.html
2011.08.14 22:43 B C:\Haftorah Audio\shekalim-ashk.html --> haftorahaudio.com / shekalim-ashk.html
2011.08.14 22:43 B C:\Haftorah Audio\shekalim-seph.html --> haftorahaudio.com / shekalim-seph.html
2011.08.14 22:44 B C:\Haftorah Audio\zachor.html --> haftorahaudio.com / zachor.html
2011.08.14 22:44 B C:\Haftorah Audio\parah.html --> haftorahaudio.com / parah.html
2011.08.14 22:44 B C:\Haftorah Audio\hachodesh-ashk.html --> haftorahaudio.com / hachodesh-ashk.html
2011.08.14 22:44 B C:\Haftorah Audio\hachodesh-seph.html --> haftorahaudio.com / hachodesh-seph.html
2011.08.14 22:44 B C:\Haftorah Audio\hagadol.html --> haftorahaudio.com / hagadol.html
2011.08.14 22:58 B C:\Haftorah Audio\rosh-hashanah-1.html --> haftorahaudio.com / rosh-hashanah-1.html
2011.08.14 22:58 B C:\Haftorah Audio\rosh-hashanah-2.html --> haftorahaudio.com / rosh-hashanah-2.html
2011.08.14 22:58 B C:\Haftorah Audio\yom-kippur.html --> haftorahaudio.com / yom-kippur.html
2011.08.14 22:58 B C:\Haftorah Audio\sukkot-1.html --> haftorahaudio.com / sukkot-1.html
2011.08.14 22:58 B C:\Haftorah Audio\sukkot-2.html --> haftorahaudio.com / sukkot-2.html
2011.08.14 22:59 B C:\Haftorah Audio\sukkot-chol-hamoed.html --> haftorahaudio.com / sukkot-chol-hamoed.html
2011.08.14 22:59 B C:\Haftorah Audio\shemini-atzeret.html --> haftorahaudio.com / shemini-atzeret.html
2011.08.14 22:59 B C:\Haftorah Audio\simchat-torah.html --> haftorahaudio.com / simchat-torah.html
2011.08.14 23:07 B C:\Haftorah Audio\shavuot-2.html <-- Haftorah Audio / shavuot-2.html
2011.08.14 23:09 B C:\Haftorah Audio\pesach-1.html --> haftorahaudio.com / pesach-1.html
2011.08.14 23:09 B C:\Haftorah Audio\pesach-2.html --> haftorahaudio.com / pesach-2.html
2011.08.14 23:09 B C:\Haftorah Audio\pesach-7.html --> haftorahaudio.com / pesach-7.html
2011.08.14 23:09 B C:\Haftorah Audio\pesach-8.html --> haftorahaudio.com / pesach-8.html
2011.08.14 23:09 B C:\Haftorah Audio\pesach-chol-hamoed.html --> haftorahaudio.com / pesach-chol-hamoed.html
2011.08.14 23:10 B C:\Haftorah Audio\shavuot-1.html --> haftorahaudio.com / shavuot-1.html
2011.08.14 23:10 B C:\Haftorah Audio\shavuot-2.html --> haftorahaudio.com / shavuot-2.html
2011.08.14 23:59 B C:\Haftorah Audio\index.html --> haftorahaudio.com / index.html
2011.08.16 13:21 B C:\Haftorah Audio\judaicastore.html --> haftorahaudio.com / judaicastore.html
2011.08.16 23:58 B C:\Haftorah Audio\judaicastore.html --> haftorahaudio.com / judaicastore.html
2011.08.17 00:00 B C:\Haftorah Audio\judaicastore.html --> haftorahaudio.com / judaicastore.html
2011.09.01 23:24 B C:\Haftorah Audio\tutoring.html --> haftorahaudio.com / tutoring.html
2011.11.16 00:01 B C:\Haftorah Audio\download.html --> haftorahaudio.com / download.html
2012.01.04 16:38 B C:\Haftorah Audio\pdf.html --> haftorahaudio.com / pdf.html
2012.01.04 16:40 B C:\Haftorah Audio\pdf.html --> haftorahaudio.com / pdf.html
2012.01.04 16:41 B C:\Haftorah Audio\pdf.html --> haftorahaudio.com / pdf.html
2012.01.04 16:43 B C:\Haftorah Audio\pdf.html --> haftorahaudio.com / pdf.html
2012.01.04 16:46 B C:\Haftorah Audio\pdf.html --> haftorahaudio.com / pdf.html
2012.01.04 16:54 B C:\Haftorah Audio\pdf.html --> haftorahaudio.com / pdf.html
2012.01.04 16:59 B C:\Haftorah Audio\pdf.html --> haftorahaudio.com / pdf.html
2012.01.04 17:01 B C:\Haftorah Audio\pdf.html --> haftorahaudio.com / pdf.html
2012.01.04 17:16 B C:\Haftorah Audio\Adobe REader Logo.jpg --> haftorahaudio.com / Adobe REader Logo.jpg
2012.01.04 17:16 B C:\Haftorah Audio\pdf.html --> haftorahaudio.com / pdf.html
2012.01.04 17:19 B C:\Haftorah Audio\pdf.html --> haftorahaudio.com / pdf.html
2012.01.04 17:34 B C:\Haftorah Audio\pdf.html --> haftorahaudio.com / pdf.html
2012.01.04 23:48 B C:\Haftorah Audio\index.html --> haftorahaudio.com / index.html
2012.01.04 23:48 B C:\Haftorah Audio\pdf.html --> haftorahaudio.com / pdf.html
2012.01.04 23:51 B C:\Haftorah Audio\pdf.html --> haftorahaudio.com / pdf.html
2012.01.04 23:58 B C:\Haftorah Audio\pdf.html --> haftorahaudio.com / pdf.html
2012.01.17 22:43 B C:\Haftorah Audio\contact1.html --> haftorahaudio.com / contact1.html
2012.01.17 23:28 B C:\Haftorah Audio\contact-old.html --> haftorahaudio.com / contact-old.html
2012.01.17 23:28 B C:\Haftorah Audio\contact.html --> haftorahaudio.com / contact.html
2012.01.17 23:40 B C:\Haftorah Audio\contact.html --> haftorahaudio.com / contact.html
2012.01.17 23:42 B C:\Haftorah Audio\contact.html --> haftorahaudio.com / contact.html
2012.01.17 23:47 B C:\Haftorah Audio\contact.html --> haftorahaudio.com / contact.html
2012.01.29 17:26 B C:\Haftorah Audio\bereisheet.html --> haftorahaudio.com / bereisheet.html
2012.01.29 17:37 B C:\Haftorah Audio\aharei-kedoshim-1.html --> haftorahaudio.com / aharei-kedoshim-1.html
2012.01.29 17:37 B C:\Haftorah Audio\aharei-kedoshim-2.html --> haftorahaudio.com / aharei-kedoshim-2.html
2012.01.29 17:37 B C:\Haftorah Audio\balak.html --> haftorahaudio.com / balak.html
2012.01.29 17:37 B C:\Haftorah Audio\bamidbar.html --> haftorahaudio.com / bamidbar.html
2012.01.29 17:37 B C:\Haftorah Audio\bechukotai.html --> haftorahaudio.com / bechukotai.html
2012.01.29 17:37 B C:\Haftorah Audio\behar.html --> haftorahaudio.com / behar.html
2012.01.29 17:56 B C:\Haftorah Audio\beshalach-ashk.html --> haftorahaudio.com / beshalach-ashk.html
2012.01.29 17:56 B C:\Haftorah Audio\beshalach-seph.html --> haftorahaudio.com / beshalach-seph.html
2012.01.29 17:56 B C:\Haftorah Audio\bhaalotcha.html --> haftorahaudio.com / bhaalotcha.html
2012.01.29 17:56 B C:\Haftorah Audio\bo.html --> haftorahaudio.com / bo.html
2012.01.29 17:56 B C:\Haftorah Audio\devarim.html --> haftorahaudio.com / devarim.html
2012.01.29 17:56 B C:\Haftorah Audio\ekev.html --> haftorahaudio.com / ekev.html
2012.01.29 17:56 B C:\Haftorah Audio\emor.html --> haftorahaudio.com / emor.html
2012.01.29 17:56 B C:\Haftorah Audio\haazinu.html --> haftorahaudio.com / haazinu.html
2012.01.29 17:56 B C:\Haftorah Audio\hachodesh-ashk.html --> haftorahaudio.com / hachodesh-ashk.html
2012.01.29 17:57 B C:\Haftorah Audio\hachodesh-seph.html --> haftorahaudio.com / hachodesh-seph.html
2012.01.29 17:57 B C:\Haftorah Audio\hagadol.html --> haftorahaudio.com / hagadol.html
2012.01.29 17:57 B C:\Haftorah Audio\hayyei-sarah.html --> haftorahaudio.com / hayyei-sarah.html
2012.01.29 17:57 B C:\Haftorah Audio\hukkat.html --> haftorahaudio.com / hukkat.html
2012.01.29 19:34 B C:\Haftorah Audio\kedoshim-seph.html --> haftorahaudio.com / kedoshim-seph.html
2012.01.29 19:34 B C:\Haftorah Audio\ki-tavo.html --> haftorahaudio.com / ki-tavo.html
2012.01.29 19:34 B C:\Haftorah Audio\ki-tetze.html --> haftorahaudio.com / ki-tetze.html
2012.01.29 19:34 B C:\Haftorah Audio\ki-tissa-ashk.html --> haftorahaudio.com / ki-tissa-ashk.html
2012.01.29 19:34 B C:\Haftorah Audio\ki-tissa-seph.html --> haftorahaudio.com / ki-tissa-seph.html
2012.01.29 19:34 B C:\Haftorah Audio\korach.html --> haftorahaudio.com / korach.html
2012.01.29 19:35 B C:\Haftorah Audio\lechlecha.html --> haftorahaudio.com / lechlecha.html
2012.01.29 19:35 B C:\Haftorah Audio\machar-chodesh.html --> haftorahaudio.com / machar-chodesh.html
2012.01.29 19:35 B C:\Haftorah Audio\masei-ashk.html --> haftorahaudio.com / masei-ashk.html
2012.01.29 19:35 B C:\Haftorah Audio\masei-seph.html --> haftorahaudio.com / masei-seph.html
2012.01.29 19:35 B C:\Haftorah Audio\matot.html --> haftorahaudio.com / matot.html
2012.01.29 19:35 B C:\Haftorah Audio\metzora.html --> haftorahaudio.com / metzora.html
2012.01.29 19:35 B C:\Haftorah Audio\miketz.html --> haftorahaudio.com / miketz.html
2012.01.29 19:35 B C:\Haftorah Audio\mishpatim.html --> haftorahaudio.com / mishpatim.html
2012.01.29 19:35 B C:\Haftorah Audio\naso.html --> haftorahaudio.com / naso.html
2012.01.29 19:35 B C:\Haftorah Audio\nitzavim.html --> haftorahaudio.com / nitzavim.html
2012.01.29 19:35 B C:\Haftorah Audio\noach.html --> haftorahaudio.com / noach.html
2012.01.29 19:35 B C:\Haftorah Audio\parah.html --> haftorahaudio.com / parah.html
2012.01.29 19:35 B C:\Haftorah Audio\pekudei-ashk.html --> haftorahaudio.com / pekudei-ashk.html
2012.01.29 19:35 B C:\Haftorah Audio\pesach-1.html --> haftorahaudio.com / pesach-1.html
2012.01.29 19:35 B C:\Haftorah Audio\pesach-2.html --> haftorahaudio.com / pesach-2.html
2012.01.29 19:36 B C:\Haftorah Audio\pesach-7.html --> haftorahaudio.com / pesach-7.html
2012.01.29 19:36 B C:\Haftorah Audio\pesach-8.html --> haftorahaudio.com / pesach-8.html
2012.01.29 19:36 B C:\Haftorah Audio\pesach-chol-hamoed.html --> haftorahaudio.com / pesach-chol-hamoed.html
2012.01.29 19:36 B C:\Haftorah Audio\pinchas.html --> haftorahaudio.com / pinchas.html
2012.01.29 21:25 B C:\Haftorah Audio\reeh.html --> haftorahaudio.com / reeh.html
2012.01.29 21:25 B C:\Haftorah Audio\rosh-hashanah-1.html --> haftorahaudio.com / rosh-hashanah-1.html
2012.01.29 21:25 B C:\Haftorah Audio\rosh-hashanah-2.html --> haftorahaudio.com / rosh-hashanah-2.html
2012.01.29 21:26 B C:\Haftorah Audio\shabbat-chanukah-1.html --> haftorahaudio.com / shabbat-chanukah-1.html
2012.01.29 21:26 B C:\Haftorah Audio\shabbat-chanukah-2.html --> haftorahaudio.com / shabbat-chanukah-2.html
2012.01.29 21:26 B C:\Haftorah Audio\shabbat-rosh-chodesh.html --> haftorahaudio.com / shabbat-rosh-chodesh.html
2012.01.29 21:26 B C:\Haftorah Audio\shavuot-1.html --> haftorahaudio.com / shavuot-1.html
2012.01.29 21:26 B C:\Haftorah Audio\shavuot-2.html --> haftorahaudio.com / shavuot-2.html
2012.01.29 21:26 B C:\Haftorah Audio\shekalim-ashk.html --> haftorahaudio.com / shekalim-ashk.html
2012.01.29 21:26 B C:\Haftorah Audio\shekalim-seph.html --> haftorahaudio.com / shekalim-seph.html
2012.01.29 21:26 B C:\Haftorah Audio\shelach-lecha.html --> haftorahaudio.com / shelach-lecha.html
2012.01.29 21:26 B C:\Haftorah Audio\shemini-atzeret.html --> haftorahaudio.com / shemini-atzeret.html
2012.01.29 21:26 B C:\Haftorah Audio\shemini.html --> haftorahaudio.com / shemini.html
2012.01.29 21:26 B C:\Haftorah Audio\shemot-ashk.html --> haftorahaudio.com / shemot-ashk.html
2012.01.29 21:26 B C:\Haftorah Audio\shemot-seph.html --> haftorahaudio.com / shemot-seph.html
2012.01.29 21:26 B C:\Haftorah Audio\shoftim.html --> haftorahaudio.com / shoftim.html
2012.01.29 21:26 B C:\Haftorah Audio\shuvah.html --> haftorahaudio.com / shuvah.html
2012.01.29 21:26 B C:\Haftorah Audio\simchat-torah.html --> haftorahaudio.com / simchat-torah.html
2012.01.29 21:27 B C:\Haftorah Audio\sukkot-1.html --> haftorahaudio.com / sukkot-1.html
2012.01.29 21:27 B C:\Haftorah Audio\sukkot-2.html --> haftorahaudio.com / sukkot-2.html
2012.01.29 21:27 B C:\Haftorah Audio\sukkot-chol-hamoed.html --> haftorahaudio.com / sukkot-chol-hamoed.html
2012.01.29 21:27 B C:\Haftorah Audio\tazria.html --> haftorahaudio.com / tazria.html
2012.01.29 21:27 B C:\Haftorah Audio\terumah.html --> haftorahaudio.com / terumah.html
2012.01.29 21:27 B C:\Haftorah Audio\tetzaveh.html --> haftorahaudio.com / tetzaveh.html
2012.01.29 21:27 B C:\Haftorah Audio\toldot.html --> haftorahaudio.com / toldot.html
2012.01.29 21:27 B C:\Haftorah Audio\tzav.html --> haftorahaudio.com / tzav.html
2012.01.29 21:28 B C:\Haftorah Audio\vaera.html --> haftorahaudio.com / vaera.html
2012.01.29 21:28 B C:\Haftorah Audio\vayakhel-ashk.html --> haftorahaudio.com / vayakhel-ashk.html
2012.01.29 21:28 B C:\Haftorah Audio\vayakhel-seph.html --> haftorahaudio.com / vayakhel-seph.html
2012.01.29 21:28 B C:\Haftorah Audio\vayechi.html --> haftorahaudio.com / vayechi.html
2012.01.29 21:28 B C:\Haftorah Audio\vayera.html --> haftorahaudio.com / vayera.html
2012.01.29 21:28 B C:\Haftorah Audio\vayeshev.html --> haftorahaudio.com / vayeshev.html
2012.01.29 21:28 B C:\Haftorah Audio\vayetzei-ashk.html --> haftorahaudio.com / vayetzei-ashk.html
2012.01.29 21:28 B C:\Haftorah Audio\vayetzei-seph.html --> haftorahaudio.com / vayetzei-seph.html
2012.01.29 21:28 B C:\Haftorah Audio\vayigash.html --> haftorahaudio.com / vayigash.html
2012.01.29 21:28 B C:\Haftorah Audio\vayikra.html --> haftorahaudio.com / vayikra.html
2012.01.29 21:28 B C:\Haftorah Audio\vayishlach.html --> haftorahaudio.com / vayishlach.html
2012.01.29 21:28 B C:\Haftorah Audio\veetchanan.html --> haftorahaudio.com / veetchanan.html
2012.01.29 21:28 B C:\Haftorah Audio\yitro-ashk.html --> haftorahaudio.com / yitro-ashk.html
2012.01.29 21:28 B C:\Haftorah Audio\yitro-seph.html --> haftorahaudio.com / yitro-seph.html
2012.01.29 21:28 B C:\Haftorah Audio\yom-kippur.html --> haftorahaudio.com / yom-kippur.html
2012.01.29 21:28 B C:\Haftorah Audio\zachor.html --> haftorahaudio.com / zachor.html
2012.01.29 21:31 B C:\Haftorah Audio\index.html --> haftorahaudio.com / index.html
2012.03.12 20:57 B C:\Haftorah Audio\index.html --> haftorahaudio.com / index.html
2012.03.23 14:22 B C:\Haftorah Audio\advert.js --> haftorahaudio.com / advert.js
2012.04.02 23:31 B C:\Haftorah Audio\advert.js --> haftorahaudio.com / advert.js
2012.04.02 23:31 B C:\Haftorah Audio\star12.gif --> haftorahaudio.com / star12.gif
2012.04.02 23:31 B C:\Haftorah Audio\index.html --> haftorahaudio.com / index.html
2012.04.02 23:32 B C:\Haftorah Audio\HaftarahAudio_transparent.png --> haftorahaudio.com / HaftarahAudio_transparent.png
2012.04.03 00:06 B C:\Haftorah Audio\index.html --> haftorahaudio.com / index.html
2012.04.03 00:10 B C:\Haftorah Audio\index.html --> haftorahaudio.com / index.html
2012.04.03 00:20 B C:\Haftorah Audio\pdf.html --> haftorahaudio.com / pdf.html
2012.04.03 21:41 B C:\Haftorah Audio\flash.txt --> haftorahaudio.com / flash.txt
2012.04.17 21:40 B C:\Haftorah Audio\trop-demo.html --> haftorahaudio.com / trop-demo.html
2012.04.17 22:03 B C:\Haftorah Audio\trop-demo.html --> haftorahaudio.com / trop-demo.html
2012.05.06 11:31 B C:\Haftorah Audio\soundpopsmall.js --> haftorahaudio.com / soundpopsmall.js
2012.05.06 11:52 B C:\Haftorah Audio\soundpopbig.js --> haftorahaudio.com / soundpopbig.js
2012.05.20 21:02 B C:\Haftorah Audio\favicon.ico <-- Haftorah Audio / favicon.ico
2012.05.20 21:05 B C:\Haftorah Audio\favicon.ico --> ftp.bshalom.net / favicon.ico
2012.06.19 23:34 B C:\Haftorah Audio\pinchas.html --> haftorahaudio.com / pinchas.html
2012.08.18 22:16 B C:\Haftorah Audio\soundpopbig.js --> haftorahaudio.com / soundpopbig.js
2012.08.18 22:16 B C:\Haftorah Audio\soundpopsmall.js --> haftorahaudio.com / soundpopsmall.js
2013.05.31 09:04 B C:\Haftorah Audio\index.html --> haftorahaudio.com / index.html
2013.08.30 12:07 B C:\Haftorah Audio\feedback.html --> haftorahaudio.com / feedback.html
2013.11.27 00:15 B C:\Haftorah Audio\about.html --> zim.us / about.html
2013.11.27 00:15 B C:\Haftorah Audio\Adobe REader Logo.jpg --> zim.us / Adobe REader Logo.jpg
2013.11.27 00:15 B C:\Haftorah Audio\advert.js --> zim.us / advert.js
2013.11.27 00:15 B C:\Haftorah Audio\aharei-kedoshim-1.html --> zim.us / aharei-kedoshim-1.html
2013.11.27 00:15 B C:\Haftorah Audio\aharei-kedoshim-2.html --> zim.us / aharei-kedoshim-2.html
2013.11.27 00:15 B C:\Haftorah Audio\artwork-gift.html --> zim.us / artwork-gift.html
2013.11.27 00:15 B C:\Haftorah Audio\balak.html --> zim.us / balak.html
2013.11.27 00:15 B C:\Haftorah Audio\bamidbar.html --> zim.us / bamidbar.html
2013.11.27 00:15 B C:\Haftorah Audio\bechukotai.html --> zim.us / bechukotai.html
2013.11.27 00:15 B C:\Haftorah Audio\behar.html --> zim.us / behar.html
2013.11.27 00:15 B C:\Haftorah Audio\bereisheet.html --> zim.us / bereisheet.html
2013.11.27 00:15 B C:\Haftorah Audio\beshalach-ashk.html --> zim.us / beshalach-ashk.html
2013.11.27 00:15 B C:\Haftorah Audio\beshalach-seph.html --> zim.us / beshalach-seph.html
2013.11.27 00:15 B C:\Haftorah Audio\bhaalotcha.html --> zim.us / bhaalotcha.html
2013.11.27 00:15 B C:\Haftorah Audio\blue-arrow.gif --> zim.us / blue-arrow.gif
2013.11.27 00:15 B C:\Haftorah Audio\bo.html --> zim.us / bo.html
2013.11.27 00:15 B C:\Haftorah Audio\Chant-Torah-blog.jpg --> zim.us / Chant-Torah-blog.jpg
2013.11.27 00:15 B C:\Haftorah Audio\construction.jpg --> zim.us / construction.jpg
2013.11.27 00:15 B C:\Haftorah Audio\contact-old.html --> zim.us / contact-old.html
2013.11.27 00:15 B C:\Haftorah Audio\contact.html --> zim.us / contact.html
2013.11.27 00:15 B C:\Haftorah Audio\contact.js --> zim.us / contact.js
2013.11.27 00:15 B C:\Haftorah Audio\copyright-allwebco.js --> zim.us / copyright-allwebco.js
2013.11.27 00:15 B C:\Haftorah Audio\copyright.js --> zim.us / copyright.js
2013.11.27 00:15 B C:\Haftorah Audio\devarim.html --> zim.us / devarim.html
2013.11.27 00:15 B C:\Haftorah Audio\disable-rightmouseclick.js --> zim.us / disable-rightmouseclick.js
2013.11.27 00:15 B C:\Haftorah Audio\disc.gif --> zim.us / disc.gif
2013.11.27 00:15 B C:\Haftorah Audio\donate.html --> zim.us / donate.html
2013.11.27 00:15 B C:\Haftorah Audio\download-full.png --> zim.us / download-full.png
2013.11.27 00:15 B C:\Haftorah Audio\download.html --> zim.us / download.html
2013.11.27 00:15 B C:\Haftorah Audio\download.png --> zim.us / download.png
2013.11.27 00:15 B C:\Haftorah Audio\ekev.html --> zim.us / ekev.html
2013.11.27 00:15 B C:\Haftorah Audio\emeshaftorahbarmitzvah.gif --> zim.us / emeshaftorahbarmitzvah.gif
2013.11.27 00:15 B C:\Haftorah Audio\emor.html --> zim.us / emor.html
2013.11.27 00:15 B C:\Haftorah Audio\EnhancedAudioPop.js --> zim.us / EnhancedAudioPop.js
2013.11.27 00:15 B C:\Haftorah Audio\EnhancedAudioPopLarge.js --> zim.us / EnhancedAudioPopLarge.js
2013.11.27 00:15 B C:\Haftorah Audio\EtzChaim.gif --> zim.us / EtzChaim.gif
2013.11.27 00:15 B C:\Haftorah Audio\Facebook-sm.jpg --> zim.us / Facebook-sm.jpg
2013.11.27 00:15 B C:\Haftorah Audio\favicon.ico --> zim.us / favicon.ico
2013.11.27 00:15 B C:\Haftorah Audio\feedback.html --> zim.us / feedback.html
2013.11.27 00:15 B C:\Haftorah Audio\FJMC LOGO.jpg --> zim.us / FJMC LOGO.jpg
2013.11.27 00:15 B C:\Haftorah Audio\flash.txt --> zim.us / flash.txt
2013.11.27 00:15 B C:\Haftorah Audio\floating_menu.js --> zim.us / floating_menu.js
2013.11.27 00:15 B C:\Haftorah Audio\gdform.php --> zim.us / gdform.php
2013.11.27 00:15 B C:\Haftorah Audio\graphic_logo-header.js --> zim.us / graphic_logo-header.js
2013.11.27 00:15 B C:\Haftorah Audio\haazinu.html --> zim.us / haazinu.html
2013.11.27 00:15 B C:\Haftorah Audio\hachodesh-ashk.html --> zim.us / hachodesh-ashk.html
2013.11.27 00:15 B C:\Haftorah Audio\hachodesh-seph.html --> zim.us / hachodesh-seph.html
2013.11.27 00:15 B C:\Haftorah Audio\HaftarahAudio_transparent.png --> zim.us / HaftarahAudio_transparent.png
2013.11.27 00:15 B C:\Haftorah Audio\HaftorahAudio.gif --> zim.us / HaftorahAudio.gif
2013.11.27 00:15 B C:\Haftorah Audio\hagadol.html --> zim.us / hagadol.html
2013.11.27 00:15 B C:\Haftorah Audio\hayyei-sarah.html --> zim.us / hayyei-sarah.html
2013.11.27 00:15 B C:\Haftorah Audio\header.js --> zim.us / header.js
2013.11.27 00:15 B C:\Haftorah Audio\help.html --> zim.us / help.html
2013.11.27 00:15 B C:\Haftorah Audio\hidden links.txt --> zim.us / hidden links.txt
2013.11.27 00:15 B C:\Haftorah Audio\hillel-258x63.png --> zim.us / hillel-258x63.png
2013.11.27 00:15 B C:\Haftorah Audio\hukkat.html --> zim.us / hukkat.html
2013.11.27 00:15 B C:\Haftorah Audio\index.html --> zim.us / index.html
2013.11.27 00:15 B C:\Haftorah Audio\jbi_logo.gif --> zim.us / jbi_logo.gif
2013.11.27 00:15 B C:\Haftorah Audio\jewishmag.gif --> zim.us / jewishmag.gif
2013.11.27 00:15 B C:\Haftorah Audio\jewsoftware.gif --> zim.us / jewsoftware.gif
2013.11.27 00:15 B C:\Haftorah Audio\JFreeware.gif --> zim.us / JFreeware.gif
2013.11.27 00:15 B C:\Haftorah Audio\JTS.gif --> zim.us / JTS.gif
2013.11.27 00:15 B C:\Haftorah Audio\judaicastore.html --> zim.us / judaicastore.html
2013.11.27 00:15 B C:\Haftorah Audio\kakatuv.gif --> zim.us / kakatuv.gif
2013.11.27 00:15 B C:\Haftorah Audio\kedoshim-seph.html --> zim.us / kedoshim-seph.html
2013.11.27 00:15 B C:\Haftorah Audio\ki-tavo.html --> zim.us / ki-tavo.html
2013.11.27 00:15 B C:\Haftorah Audio\ki-tetze.html --> zim.us / ki-tetze.html
2013.11.27 00:15 B C:\Haftorah Audio\ki-tissa-ashk.html --> zim.us / ki-tissa-ashk.html
2013.11.27 00:15 B C:\Haftorah Audio\ki-tissa-seph.html --> zim.us / ki-tissa-seph.html
2013.11.27 00:15 B C:\Haftorah Audio\korach.html --> zim.us / korach.html
2013.11.27 00:15 B C:\Haftorah Audio\lechlecha.html --> zim.us / lechlecha.html
2013.11.27 00:15 B C:\Haftorah Audio\links.html --> zim.us / links.html
2013.11.27 00:15 B C:\Haftorah Audio\logo.swf --> zim.us / logo.swf
2013.11.27 00:15 B C:\Haftorah Audio\machar-chodesh.html --> zim.us / machar-chodesh.html
2013.11.27 00:15 B C:\Haftorah Audio\masei-ashk.html --> zim.us / masei-ashk.html
2013.11.27 00:15 B C:\Haftorah Audio\masei-seph.html --> zim.us / masei-seph.html
2013.11.27 00:15 B C:\Haftorah Audio\matot.html --> zim.us / matot.html
2013.11.27 00:15 B C:\Haftorah Audio\menu.js --> zim.us / menu.js
2013.11.27 00:15 B C:\Haftorah Audio\metzora.html --> zim.us / metzora.html
2013.11.27 00:15 B C:\Haftorah Audio\miketz.html --> zim.us / miketz.html
2013.11.27 00:15 B C:\Haftorah Audio\Miryam.jpg --> zim.us / Miryam.jpg
2013.11.27 00:15 B C:\Haftorah Audio\mishpatim.html --> zim.us / mishpatim.html
2013.11.27 00:15 B C:\Haftorah Audio\missing.html --> zim.us / missing.html
2013.11.27 00:15 B C:\Haftorah Audio\mjl_logo.gif --> zim.us / mjl_logo.gif
2013.11.27 00:15 B C:\Haftorah Audio\naaleh.jpg --> zim.us / naaleh.jpg
2013.11.27 00:15 B C:\Haftorah Audio\naso.html --> zim.us / naso.html
2013.11.27 00:15 B C:\Haftorah Audio\nhclogo.gif --> zim.us / nhclogo.gif
2013.11.27 00:15 B C:\Haftorah Audio\nitzavim.html --> zim.us / nitzavim.html
2013.11.27 00:15 B C:\Haftorah Audio\NO-FORMS-products.htm --> zim.us / NO-FORMS-products.htm
2013.11.27 00:15 B C:\Haftorah Audio\noach.html --> zim.us / noach.html
2013.11.27 00:15 B C:\Haftorah Audio\page_height.js --> zim.us / page_height.js
2013.11.27 00:15 B C:\Haftorah Audio\parah.html --> zim.us / parah.html
2013.11.27 00:15 B C:\Haftorah Audio\Payloadz Download Instructions.txt --> zim.us / Payloadz Download Instructions.txt
2013.11.27 00:15 B C:\Haftorah Audio\Payloadz-setting-new.txt --> zim.us / Payloadz-setting-new.txt
2013.11.27 00:16 B C:\Haftorah Audio\Payloadz.txt --> zim.us / Payloadz.txt
2013.11.27 00:16 B C:\Haftorah Audio\pdf.html --> zim.us / pdf.html
2013.11.27 00:16 B C:\Haftorah Audio\pekudei-ashk.html --> zim.us / pekudei-ashk.html
2013.11.27 00:16 B C:\Haftorah Audio\pesach-1.html --> zim.us / pesach-1.html
2013.11.27 00:16 B C:\Haftorah Audio\pesach-2.html --> zim.us / pesach-2.html
2013.11.27 00:16 B C:\Haftorah Audio\pesach-7.html --> zim.us / pesach-7.html
2013.11.27 00:16 B C:\Haftorah Audio\pesach-8.html --> zim.us / pesach-8.html
2013.11.27 00:16 B C:\Haftorah Audio\pesach-chol-hamoed.html --> zim.us / pesach-chol-hamoed.html
2013.11.27 00:16 B C:\Haftorah Audio\pinchas.html --> zim.us / pinchas.html
2013.11.27 00:16 B C:\Haftorah Audio\powered-by-amazon-b._V156424183_.png --> zim.us / powered-by-amazon-b._V156424183_.png
2013.11.27 00:16 B C:\Haftorah Audio\Rabbi-Z.jpg --> zim.us / Rabbi-Z.jpg
2013.11.27 00:16 B C:\Haftorah Audio\RabbiZ-chair-vsmall.jpg --> zim.us / RabbiZ-chair-vsmall.jpg
2013.11.27 00:16 B C:\Haftorah Audio\RabbiZ-Signature-CBS.htm --> zim.us / RabbiZ-Signature-CBS.htm
2013.11.27 00:16 B C:\Haftorah Audio\redarrow.gif --> zim.us / redarrow.gif
2013.11.27 00:16 B C:\Haftorah Audio\reeh.html --> zim.us / reeh.html
2013.11.27 00:16 B C:\Haftorah Audio\rosh-hashanah-1.html --> zim.us / rosh-hashanah-1.html
2013.11.27 00:16 B C:\Haftorah Audio\rosh-hashanah-2.html --> zim.us / rosh-hashanah-2.html
2013.11.27 00:16 B C:\Haftorah Audio\sale.html --> zim.us / sale.html
2013.11.27 00:16 B C:\Haftorah Audio\sas.php --> zim.us / sas.php
2013.11.27 00:16 B C:\Haftorah Audio\shabbat-chanukah-1.html --> zim.us / shabbat-chanukah-1.html
2013.11.27 00:16 B C:\Haftorah Audio\shabbat-chanukah-2.html --> zim.us / shabbat-chanukah-2.html
2013.11.27 00:16 B C:\Haftorah Audio\shabbat-rosh-chodesh.html --> zim.us / shabbat-rosh-chodesh.html
2013.11.27 00:16 B C:\Haftorah Audio\shavuot-1.html --> zim.us / shavuot-1.html
2013.11.27 00:16 B C:\Haftorah Audio\shavuot-2.html --> zim.us / shavuot-2.html
2013.11.27 00:16 B C:\Haftorah Audio\shekalim-ashk.html --> zim.us / shekalim-ashk.html
2013.11.27 00:16 B C:\Haftorah Audio\shekalim-seph.html --> zim.us / shekalim-seph.html
2013.11.27 00:16 B C:\Haftorah Audio\shelach-lecha.html --> zim.us / shelach-lecha.html
2013.11.27 00:16 B C:\Haftorah Audio\shemini-atzeret.html --> zim.us / shemini-atzeret.html
2013.11.27 00:16 B C:\Haftorah Audio\shemini.html --> zim.us / shemini.html
2013.11.27 00:16 B C:\Haftorah Audio\shemot-ashk.html --> zim.us / shemot-ashk.html
2013.11.27 00:16 B C:\Haftorah Audio\shemot-seph.html --> zim.us / shemot-seph.html
2013.11.27 00:16 B C:\Haftorah Audio\shoftim.html --> zim.us / shoftim.html
2013.11.27 00:16 B C:\Haftorah Audio\shuvah.html --> zim.us / shuvah.html
2013.11.27 00:16 B C:\Haftorah Audio\siddur1.jpg --> zim.us / siddur1.jpg
2013.11.27 00:16 B C:\Haftorah Audio\simchat-torah.html --> zim.us / simchat-torah.html
2013.11.27 00:16 B C:\Haftorah Audio\SingerSiddur-logo.jpg --> zim.us / SingerSiddur-logo.jpg
2013.11.27 00:16 B C:\Haftorah Audio\soundpop-old.js --> zim.us / soundpop-old.js
2013.11.27 00:16 B C:\Haftorah Audio\soundpopbig-old.js --> zim.us / soundpopbig-old.js
2013.11.27 00:16 B C:\Haftorah Audio\soundpopbig.js --> zim.us / soundpopbig.js
2013.11.27 00:16 B C:\Haftorah Audio\soundpopsmall-old.js --> zim.us / soundpopsmall-old.js
2013.11.27 00:16 B C:\Haftorah Audio\soundpopsmall.js --> zim.us / soundpopsmall.js
2013.11.27 00:16 B C:\Haftorah Audio\speaker.gif --> zim.us / speaker.gif
2013.11.27 00:16 B C:\Haftorah Audio\speaker1.gif --> zim.us / speaker1.gif
2013.11.27 00:16 B C:\Haftorah Audio\special.php --> zim.us / special.php
2013.11.27 00:16 B C:\Haftorah Audio\star12.gif --> zim.us / star12.gif
2013.11.27 00:16 B C:\Haftorah Audio\style.css --> zim.us / style.css
2013.11.27 00:16 B C:\Haftorah Audio\sukkot-1.html --> zim.us / sukkot-1.html
2013.11.27 00:16 B C:\Haftorah Audio\sukkot-2.html --> zim.us / sukkot-2.html
2013.11.27 00:16 B C:\Haftorah Audio\sukkot-chol-hamoed.html --> zim.us / sukkot-chol-hamoed.html
2013.11.27 00:16 B C:\Haftorah Audio\tazria.html --> zim.us / tazria.html
2013.11.27 00:16 B C:\Haftorah Audio\terumah.html --> zim.us / terumah.html
2013.11.27 00:16 B C:\Haftorah Audio\TES-JewishSoftware.gif --> zim.us / TES-JewishSoftware.gif
2013.11.27 00:16 B C:\Haftorah Audio\testorascroll.gif --> zim.us / testorascroll.gif
2013.11.27 00:16 B C:\Haftorah Audio\tetzaveh.html --> zim.us / tetzaveh.html
2013.11.27 00:16 B C:\Haftorah Audio\thanks-payment.html --> zim.us / thanks-payment.html
2013.11.27 00:16 B C:\Haftorah Audio\thanks.html --> zim.us / thanks.html
2013.11.27 00:16 B C:\Haftorah Audio\Thumbs.db --> zim.us / Thumbs.db
2013.11.27 00:16 B C:\Haftorah Audio\toldot-demo.mp3 --> zim.us / toldot-demo.mp3
2013.11.27 00:16 B C:\Haftorah Audio\toldot.html --> zim.us / toldot.html
2013.11.27 00:16 B C:\Haftorah Audio\trop-demo.html --> zim.us / trop-demo.html
2013.11.27 00:16 B C:\Haftorah Audio\Trop-Demo.mp3 --> zim.us / Trop-Demo.mp3
2013.11.27 00:16 B C:\Haftorah Audio\Trope.gif --> zim.us / Trope.gif
2013.11.27 00:16 B C:\Haftorah Audio\tutoring.html --> zim.us / tutoring.html
2013.11.27 00:16 B C:\Haftorah Audio\tzav.html --> zim.us / tzav.html
2013.11.27 00:16 B C:\Haftorah Audio\UJ.gif --> zim.us / UJ.gif
2013.11.27 00:16 B C:\Haftorah Audio\vaera.html --> zim.us / vaera.html
2013.11.27 00:16 B C:\Haftorah Audio\vayakhel-ashk.html --> zim.us / vayakhel-ashk.html
2013.11.27 00:16 B C:\Haftorah Audio\vayakhel-seph.html --> zim.us / vayakhel-seph.html
2013.11.27 00:17 B C:\Haftorah Audio\vayechi.html --> zim.us / vayechi.html
2013.11.27 00:17 B C:\Haftorah Audio\vayera.html --> zim.us / vayera.html
2013.11.27 00:17 B C:\Haftorah Audio\vayeshev.html --> zim.us / vayeshev.html
2013.11.27 00:17 B C:\Haftorah Audio\vayetzei-ashk.html --> zim.us / vayetzei-ashk.html
2013.11.27 00:17 B C:\Haftorah Audio\vayetzei-seph.html --> zim.us / vayetzei-seph.html
2013.11.27 00:17 B C:\Haftorah Audio\vayigash.html --> zim.us / vayigash.html
2013.11.27 00:17 B C:\Haftorah Audio\vayikra.html --> zim.us / vayikra.html
2013.11.27 00:17 B C:\Haftorah Audio\vayishlach.html --> zim.us / vayishlach.html
2013.11.27 00:17 B C:\Haftorah Audio\veetchanan.html --> zim.us / veetchanan.html
2013.11.27 00:17 B C:\Haftorah Audio\WELCOME.gif --> zim.us / WELCOME.gif
2013.11.27 00:17 B C:\Haftorah Audio\WS_FTP.LOG --> zim.us / WS_FTP.LOG
2013.11.27 00:17 B C:\Haftorah Audio\yitro-ashk.html --> zim.us / yitro-ashk.html
2013.11.27 00:17 B C:\Haftorah Audio\yitro-seph.html --> zim.us / yitro-seph.html
2013.11.27 00:17 B C:\Haftorah Audio\ynetnews.jpg --> zim.us / ynetnews.jpg
2013.11.27 00:17 B C:\Haftorah Audio\yom-kippur.html --> zim.us / yom-kippur.html
2013.11.27 00:17 B C:\Haftorah Audio\zachor.html --> zim.us / zachor.html
2013.11.27 00:17 B C:\Haftorah Audio\zemirot.html --> zim.us / zemirot.html
2013.12.04 23:54 B C:\Haftorah Audio\contactscript.php <-- Haftorah Audio - New / contactscript.php
2013.12.05 00:02 B C:\Haftorah Audio\contactscript.php --> zim.us / contactscript.php
2013.12.05 00:02 B C:\Haftorah Audio\thanks.html --> zim.us / thanks.html
2013.12.05 00:37 B C:\Haftorah Audio\contact1.html --> zim.us / contact1.html
2013.12.05 00:44 B C:\Haftorah Audio\thanks.html --> zim.us / thanks.html
2013.12.05 00:44 B C:\Haftorah Audio\contact1.html --> zim.us / contact1.html
2013.12.05 00:52 B C:\Haftorah Audio\contact1.html --> zim.us / contact1.html
2013.12.05 01:01 B C:\Haftorah Audio\contact-old.html --> zim.us / contact-old.html
2013.12.05 01:01 B C:\Haftorah Audio\contact.html --> zim.us / contact.html
2013.12.05 01:04 B C:\Haftorah Audio\index.html --> zim.us / index.html
2013.12.06 21:29 B C:\Haftorah Audio\contact.html --> zim.us / contact.html
2013.12.06 21:38 B C:\Haftorah Audio\contact.html --> zim.us / contact.html
2013.12.06 21:49 B C:\Haftorah Audio\contactscript.php --> zim.us / contactscript.php
2013.12.17 21:40 B C:\Haftorah Audio\contact.html --> zim.us / contact.html
2013.12.17 21:40 B C:\Haftorah Audio\contactscript.php --> zim.us / contactscript.php
2014.02.04 00:16 B C:\Haftorah Audio\AMRab-Sig.png --> zim.us / AMRab-Sig.png
2014.02.04 00:16 B C:\Haftorah Audio\links.html --> zim.us / links.html
2014.02.16 22:37 B C:\Haftorah Audio\sitemap.xml --> zim.us /haftorahaudio sitemap.xml
2014.04.26 15:59 B C:\Haftorah Audio\download.html --> zim.us / download.html
2014.08.03 23:44 B C:\Haftorah Audio\feedback.html --> zim.us / feedback.html
2016.08.01 09:49 B C:\Haftorah Audio\soundpopbig.js --> zim.us / soundpopbig.js
2016.08.01 09:49 B C:\Haftorah Audio\soundpopsmall.js --> zim.us / soundpopsmall.js
2016.08.01 09:52 B C:\Haftorah Audio\soundpopbig.js --> zim.us / soundpopbig.js
2016.08.27 19:29 B C:\Haftorah Audio\.htaccess --> zim.us / .htaccess
2016.09.02 00:06 B C:\Haftorah Audio\yonah.html --> zim.us / yonah.html
2016.09.02 00:06 B C:\Haftorah Audio\contact.html --> zim.us / contact.html
2016.09.02 00:06 B C:\Haftorah Audio\index.html --> zim.us / index.html
2016.09.02 17:47 B C:\Haftorah Audio\yonah.html --> zim.us / yonah.html
2016.09.02 17:55 B C:\Haftorah Audio\index.html --> zim.us / index.html
2016.09.04 20:55 B C:\Haftorah Audio\yonah.html --> zim.us / yonah.html
2017.01.10 12:48 B C:\Haftorah Audio\tutoring.html --> zim.us / tutoring.html
2017.01.23 23:11 B C:\Haftorah Audio\pdf.html --> zim.us / pdf.html
2017.06.06 21:24 B C:\Haftorah Audio\download.html --> zim.us / download.html
2017.06.06 21:25 B C:\Haftorah Audio\download.html --> zim.us / download.html
2017.06.06 21:27 B C:\Haftorah Audio\download.html --> zim.us / download.html
2017.11.16 23:14 B C:\Haftorah Audio\Hebrew-Prayers-Learning-Series.png --> zim.us / Hebrew-Prayers-Learning-Series.png
2017.11.16 23:14 B C:\Haftorah Audio\links.html --> zim.us / links.html
