2012.01.02 20:46 B C:\Haftorah Audio\pdf\Aharei-Kdoshim-1.pdf --> haftorahaudio.com /pdf Aharei-Kdoshim-1.pdf
2012.01.02 20:46 B C:\Haftorah Audio\pdf\Aharei-Kdoshim-2.pdf --> haftorahaudio.com /pdf Aharei-Kdoshim-2.pdf
2012.01.02 20:46 B C:\Haftorah Audio\pdf\Balak.pdf --> haftorahaudio.com /pdf Balak.pdf
2012.01.02 20:46 B C:\Haftorah Audio\pdf\Bamidbar.pdf --> haftorahaudio.com /pdf Bamidbar.pdf
2012.01.02 20:46 B C:\Haftorah Audio\pdf\Bechukotai.pdf --> haftorahaudio.com /pdf Bechukotai.pdf
2012.01.02 20:46 B C:\Haftorah Audio\pdf\Behaalotcha.pdf --> haftorahaudio.com /pdf Behaalotcha.pdf
2012.01.02 20:46 B C:\Haftorah Audio\pdf\Behar.pdf --> haftorahaudio.com /pdf Behar.pdf
2012.01.02 20:47 B C:\Haftorah Audio\pdf\beresheet.pdf --> haftorahaudio.com /pdf beresheet.pdf
2012.01.02 20:47 B C:\Haftorah Audio\pdf\Beshalach-Ashkenazim.pdf --> haftorahaudio.com /pdf Beshalach-Ashkenazim.pdf
2012.01.02 20:47 B C:\Haftorah Audio\pdf\Beshalach-Sephardim.pdf --> haftorahaudio.com /pdf Beshalach-Sephardim.pdf
2012.01.02 20:47 B C:\Haftorah Audio\pdf\Bhaalotcha.pdf --> haftorahaudio.com /pdf Bhaalotcha.pdf
2012.01.02 20:47 B C:\Haftorah Audio\pdf\Blessings-Haftarah.pdf --> haftorahaudio.com /pdf Blessings-Haftarah.pdf
2012.01.02 20:47 B C:\Haftorah Audio\pdf\Bo.pdf --> haftorahaudio.com /pdf Bo.pdf
2012.01.02 20:47 B C:\Haftorah Audio\pdf\Devarim.pdf --> haftorahaudio.com /pdf Devarim.pdf
2012.01.02 20:47 B C:\Haftorah Audio\pdf\Ekev.pdf --> haftorahaudio.com /pdf Ekev.pdf
2012.01.02 20:47 B C:\Haftorah Audio\pdf\Emor.pdf --> haftorahaudio.com /pdf Emor.pdf
2012.01.02 20:47 B C:\Haftorah Audio\pdf\Haazinu.pdf --> haftorahaudio.com /pdf Haazinu.pdf
2012.01.02 20:47 B C:\Haftorah Audio\pdf\Hachodesh-Ashkenazim.pdf --> haftorahaudio.com /pdf Hachodesh-Ashkenazim.pdf
2012.01.02 20:47 B C:\Haftorah Audio\pdf\Hachodesh-Sephardim.pdf --> haftorahaudio.com /pdf Hachodesh-Sephardim.pdf
2012.01.02 20:47 B C:\Haftorah Audio\pdf\Hagadol.pdf --> haftorahaudio.com /pdf Hagadol.pdf
2012.01.02 20:47 B C:\Haftorah Audio\pdf\Hayyei Sarah.pdf --> haftorahaudio.com /pdf Hayyei Sarah.pdf
2012.01.02 20:47 B C:\Haftorah Audio\pdf\Hukkat.pdf --> haftorahaudio.com /pdf Hukkat.pdf
2012.01.02 20:47 B C:\Haftorah Audio\pdf\Kdoshim-Sephardim.pdf --> haftorahaudio.com /pdf Kdoshim-Sephardim.pdf
2012.01.02 20:47 B C:\Haftorah Audio\pdf\Ki Tavo.pdf --> haftorahaudio.com /pdf Ki Tavo.pdf
2012.01.02 20:47 B C:\Haftorah Audio\pdf\Ki Tetze.pdf --> haftorahaudio.com /pdf Ki Tetze.pdf
2012.01.02 20:47 B C:\Haftorah Audio\pdf\Ki Tissa-Ashkenazim.pdf --> haftorahaudio.com /pdf Ki Tissa-Ashkenazim.pdf
2012.01.02 20:47 B C:\Haftorah Audio\pdf\Ki Tissa-Sephardim.pdf --> haftorahaudio.com /pdf Ki Tissa-Sephardim.pdf
2012.01.02 20:47 B C:\Haftorah Audio\pdf\Korach.pdf --> haftorahaudio.com /pdf Korach.pdf
2012.01.02 20:47 B C:\Haftorah Audio\pdf\LechLecha.pdf --> haftorahaudio.com /pdf LechLecha.pdf
2012.01.02 20:47 B C:\Haftorah Audio\pdf\Machar Chodesh.pdf --> haftorahaudio.com /pdf Machar Chodesh.pdf
2012.01.02 20:47 B C:\Haftorah Audio\pdf\Masei-Ashkenazim.pdf --> haftorahaudio.com /pdf Masei-Ashkenazim.pdf
2012.01.02 20:48 B C:\Haftorah Audio\pdf\Masei-Sephardim.pdf --> haftorahaudio.com /pdf Masei-Sephardim.pdf
2012.01.02 20:48 B C:\Haftorah Audio\pdf\Matot.pdf --> haftorahaudio.com /pdf Matot.pdf
2012.01.02 20:48 B C:\Haftorah Audio\pdf\Metzora.pdf --> haftorahaudio.com /pdf Metzora.pdf
2012.01.02 20:48 B C:\Haftorah Audio\pdf\Mikeitz.pdf --> haftorahaudio.com /pdf Mikeitz.pdf
2012.01.02 20:48 B C:\Haftorah Audio\pdf\Mishpatim.pdf --> haftorahaudio.com /pdf Mishpatim.pdf
2012.01.02 20:48 B C:\Haftorah Audio\pdf\Naso.pdf --> haftorahaudio.com /pdf Naso.pdf
2012.01.02 20:48 B C:\Haftorah Audio\pdf\Netzavim.pdf --> haftorahaudio.com /pdf Netzavim.pdf
2012.01.02 20:48 B C:\Haftorah Audio\pdf\Noach.pdf --> haftorahaudio.com /pdf Noach.pdf
2012.01.02 20:48 B C:\Haftorah Audio\pdf\Parah.pdf --> haftorahaudio.com /pdf Parah.pdf
2012.01.02 20:48 B C:\Haftorah Audio\pdf\Pekudei-Ashk.pdf --> haftorahaudio.com /pdf Pekudei-Ashk.pdf
2012.01.02 20:48 B C:\Haftorah Audio\pdf\Pesach Chol-HaMoed.pdf --> haftorahaudio.com /pdf Pesach Chol-HaMoed.pdf
2012.01.02 20:48 B C:\Haftorah Audio\pdf\Pesach-1.pdf --> haftorahaudio.com /pdf Pesach-1.pdf
2012.01.02 20:48 B C:\Haftorah Audio\pdf\Pesach-2.pdf --> haftorahaudio.com /pdf Pesach-2.pdf
2012.01.02 20:48 B C:\Haftorah Audio\pdf\Pesach-7.pdf --> haftorahaudio.com /pdf Pesach-7.pdf
2012.01.02 20:48 B C:\Haftorah Audio\pdf\Pesach-8.pdf --> haftorahaudio.com /pdf Pesach-8.pdf
2012.01.02 20:48 B C:\Haftorah Audio\pdf\Pinchas.pdf --> haftorahaudio.com /pdf Pinchas.pdf
2012.01.02 20:48 B C:\Haftorah Audio\pdf\Reeh.pdf --> haftorahaudio.com /pdf Reeh.pdf
2012.01.02 20:48 B C:\Haftorah Audio\pdf\Rosh Hashanah-1.pdf --> haftorahaudio.com /pdf Rosh Hashanah-1.pdf
2012.01.02 20:48 B C:\Haftorah Audio\pdf\Rosh Hashanah-2.pdf --> haftorahaudio.com /pdf Rosh Hashanah-2.pdf
2012.01.02 20:48 B C:\Haftorah Audio\pdf\Rosh Hodesh.pdf --> haftorahaudio.com /pdf Rosh Hodesh.pdf
2012.01.02 20:48 B C:\Haftorah Audio\pdf\Shabbat Chanukah-1.pdf --> haftorahaudio.com /pdf Shabbat Chanukah-1.pdf
2012.01.02 20:48 B C:\Haftorah Audio\pdf\Shabbat Chanukah-2.pdf --> haftorahaudio.com /pdf Shabbat Chanukah-2.pdf
2012.01.02 20:48 B C:\Haftorah Audio\pdf\Shabbat Shuva.pdf --> haftorahaudio.com /pdf Shabbat Shuva.pdf
2012.01.02 20:48 B C:\Haftorah Audio\pdf\Shavuot-1.pdf --> haftorahaudio.com /pdf Shavuot-1.pdf
2012.01.02 20:48 B C:\Haftorah Audio\pdf\Shavuot-2-S.pdf --> haftorahaudio.com /pdf Shavuot-2-S.pdf
2012.01.02 20:48 B C:\Haftorah Audio\pdf\Shekalim-Ashkenazim.pdf --> haftorahaudio.com /pdf Shekalim-Ashkenazim.pdf
2012.01.02 20:48 B C:\Haftorah Audio\pdf\Shekalim-Sephardim.pdf --> haftorahaudio.com /pdf Shekalim-Sephardim.pdf
2012.01.02 20:49 B C:\Haftorah Audio\pdf\ShelachLecha.pdf --> haftorahaudio.com /pdf ShelachLecha.pdf
2012.01.02 20:49 B C:\Haftorah Audio\pdf\Shemini Atzeret.pdf --> haftorahaudio.com /pdf Shemini Atzeret.pdf
2012.01.02 20:49 B C:\Haftorah Audio\pdf\Shemot-Ashkenazim.pdf --> haftorahaudio.com /pdf Shemot-Ashkenazim.pdf
2012.01.02 20:49 B C:\Haftorah Audio\pdf\Shemot-Sephardim.pdf --> haftorahaudio.com /pdf Shemot-Sephardim.pdf
2012.01.02 20:49 B C:\Haftorah Audio\pdf\Shmini.pdf --> haftorahaudio.com /pdf Shmini.pdf
2012.01.02 20:49 B C:\Haftorah Audio\pdf\Shoftim.pdf --> haftorahaudio.com /pdf Shoftim.pdf
2012.01.02 20:49 B C:\Haftorah Audio\pdf\Simchat Torah.pdf --> haftorahaudio.com /pdf Simchat Torah.pdf
2012.01.02 20:49 B C:\Haftorah Audio\pdf\Sukkot Chol-HaMoed.pdf --> haftorahaudio.com /pdf Sukkot Chol-HaMoed.pdf
2012.01.02 20:49 B C:\Haftorah Audio\pdf\Sukkot-1.pdf --> haftorahaudio.com /pdf Sukkot-1.pdf
2012.01.02 20:49 B C:\Haftorah Audio\pdf\Sukkot-2.pdf --> haftorahaudio.com /pdf Sukkot-2.pdf
2012.01.02 20:49 B C:\Haftorah Audio\pdf\Tazria.pdf --> haftorahaudio.com /pdf Tazria.pdf
2012.01.02 20:49 B C:\Haftorah Audio\pdf\Terumah.pdf --> haftorahaudio.com /pdf Terumah.pdf
2012.01.02 20:49 B C:\Haftorah Audio\pdf\Tezaveh.pdf --> haftorahaudio.com /pdf Tezaveh.pdf
2012.01.02 20:49 B C:\Haftorah Audio\pdf\Toldot.pdf --> haftorahaudio.com /pdf Toldot.pdf
2012.01.02 20:49 B C:\Haftorah Audio\pdf\Tzav.pdf --> haftorahaudio.com /pdf Tzav.pdf
2012.01.02 20:49 B C:\Haftorah Audio\pdf\Va-era.pdf --> haftorahaudio.com /pdf Va-era.pdf
2012.01.02 20:49 B C:\Haftorah Audio\pdf\Vayakhel-Ashk.pdf --> haftorahaudio.com /pdf Vayakhel-Ashk.pdf
2012.01.02 20:49 B C:\Haftorah Audio\pdf\Vayakhel-Sephardim.pdf --> haftorahaudio.com /pdf Vayakhel-Sephardim.pdf
2012.01.02 20:49 B C:\Haftorah Audio\pdf\Vayechi.pdf --> haftorahaudio.com /pdf Vayechi.pdf
2012.01.02 20:49 B C:\Haftorah Audio\pdf\Vayera.pdf --> haftorahaudio.com /pdf Vayera.pdf
2012.01.02 20:49 B C:\Haftorah Audio\pdf\Vayeshev.pdf --> haftorahaudio.com /pdf Vayeshev.pdf
2012.01.02 20:49 B C:\Haftorah Audio\pdf\Vayetze-Ashkenazim.pdf --> haftorahaudio.com /pdf Vayetze-Ashkenazim.pdf
2012.01.02 20:49 B C:\Haftorah Audio\pdf\Vayetze-Sephardim.pdf --> haftorahaudio.com /pdf Vayetze-Sephardim.pdf
2012.01.02 20:49 B C:\Haftorah Audio\pdf\Vayigash.pdf --> haftorahaudio.com /pdf Vayigash.pdf
2012.01.02 20:49 B C:\Haftorah Audio\pdf\Vayikra.pdf --> haftorahaudio.com /pdf Vayikra.pdf
2012.01.02 20:50 B C:\Haftorah Audio\pdf\Vayishlach.pdf --> haftorahaudio.com /pdf Vayishlach.pdf
2012.01.02 20:50 B C:\Haftorah Audio\pdf\Ve-etchanan.pdf --> haftorahaudio.com /pdf Ve-etchanan.pdf
2012.01.02 20:50 B C:\Haftorah Audio\pdf\Yitro.pdf --> haftorahaudio.com /pdf Yitro.pdf
2012.01.02 20:50 B C:\Haftorah Audio\pdf\Yom Kippur.pdf --> haftorahaudio.com /pdf Yom Kippur.pdf
2012.01.02 20:50 B C:\Haftorah Audio\pdf\Zachor.pdf --> haftorahaudio.com /pdf Zachor.pdf
2012.01.04 16:49 B C:\Haftorah Audio\pdf\index.html --> haftorahaudio.com /pdf index.html
2013.11.27 00:13 B C:\Haftorah Audio\pdf\Aharei-Kdoshim-1.pdf --> zim.us /pdf Aharei-Kdoshim-1.pdf
2013.11.27 00:13 B C:\Haftorah Audio\pdf\Aharei-Kdoshim-2.pdf --> zim.us /pdf Aharei-Kdoshim-2.pdf
2013.11.27 00:13 B C:\Haftorah Audio\pdf\Balak.pdf --> zim.us /pdf Balak.pdf
2013.11.27 00:13 B C:\Haftorah Audio\pdf\Bamidbar.pdf --> zim.us /pdf Bamidbar.pdf
2013.11.27 00:13 B C:\Haftorah Audio\pdf\Bechukotai.pdf --> zim.us /pdf Bechukotai.pdf
2013.11.27 00:13 B C:\Haftorah Audio\pdf\Behaalotcha.pdf --> zim.us /pdf Behaalotcha.pdf
2013.11.27 00:13 B C:\Haftorah Audio\pdf\Behar.pdf --> zim.us /pdf Behar.pdf
2013.11.27 00:13 B C:\Haftorah Audio\pdf\Bereisheet.pdf --> zim.us /pdf Bereisheet.pdf
2013.11.27 00:13 B C:\Haftorah Audio\pdf\Beshalach-Ashkenazim.pdf --> zim.us /pdf Beshalach-Ashkenazim.pdf
2013.11.27 00:13 B C:\Haftorah Audio\pdf\Beshalach-Sephardim.pdf --> zim.us /pdf Beshalach-Sephardim.pdf
2013.11.27 00:13 B C:\Haftorah Audio\pdf\Bhaalotcha.pdf --> zim.us /pdf Bhaalotcha.pdf
2013.11.27 00:13 B C:\Haftorah Audio\pdf\Blessings-Haftarah.pdf --> zim.us /pdf Blessings-Haftarah.pdf
2013.11.27 00:13 B C:\Haftorah Audio\pdf\Bo.pdf --> zim.us /pdf Bo.pdf
2013.11.27 00:13 B C:\Haftorah Audio\pdf\Devarim.pdf --> zim.us /pdf Devarim.pdf
2013.11.27 00:13 B C:\Haftorah Audio\pdf\Ekev.pdf --> zim.us /pdf Ekev.pdf
2013.11.27 00:13 B C:\Haftorah Audio\pdf\Emor.pdf --> zim.us /pdf Emor.pdf
2013.11.27 00:13 B C:\Haftorah Audio\pdf\Haazinu.pdf --> zim.us /pdf Haazinu.pdf
2013.11.27 00:13 B C:\Haftorah Audio\pdf\Hachodesh-Ashkenazim.pdf --> zim.us /pdf Hachodesh-Ashkenazim.pdf
2013.11.27 00:13 B C:\Haftorah Audio\pdf\Hachodesh-Sephardim.pdf --> zim.us /pdf Hachodesh-Sephardim.pdf
2013.11.27 00:13 B C:\Haftorah Audio\pdf\Hagadol.pdf --> zim.us /pdf Hagadol.pdf
2013.11.27 00:13 B C:\Haftorah Audio\pdf\Hayyei Sarah.pdf --> zim.us /pdf Hayyei Sarah.pdf
2013.11.27 00:13 B C:\Haftorah Audio\pdf\Hukkat.pdf --> zim.us /pdf Hukkat.pdf
2013.11.27 00:13 B C:\Haftorah Audio\pdf\index.html --> zim.us /pdf index.html
2013.11.27 00:13 B C:\Haftorah Audio\pdf\Kdoshim-Sephardim.pdf --> zim.us /pdf Kdoshim-Sephardim.pdf
2013.11.27 00:13 B C:\Haftorah Audio\pdf\Ki Tavo.pdf --> zim.us /pdf Ki Tavo.pdf
2013.11.27 00:13 B C:\Haftorah Audio\pdf\Ki Tetze.pdf --> zim.us /pdf Ki Tetze.pdf
2013.11.27 00:13 B C:\Haftorah Audio\pdf\Ki Tissa-Ashkenazim.pdf --> zim.us /pdf Ki Tissa-Ashkenazim.pdf
2013.11.27 00:13 B C:\Haftorah Audio\pdf\Ki Tissa-Sephardim.pdf --> zim.us /pdf Ki Tissa-Sephardim.pdf
2013.11.27 00:13 B C:\Haftorah Audio\pdf\Korach.pdf --> zim.us /pdf Korach.pdf
2013.11.27 00:13 B C:\Haftorah Audio\pdf\LechLecha.pdf --> zim.us /pdf LechLecha.pdf
2013.11.27 00:13 B C:\Haftorah Audio\pdf\Machar Chodesh.pdf --> zim.us /pdf Machar Chodesh.pdf
2013.11.27 00:13 B C:\Haftorah Audio\pdf\Masei-Ashkenazim.pdf --> zim.us /pdf Masei-Ashkenazim.pdf
2013.11.27 00:13 B C:\Haftorah Audio\pdf\Masei-Sephardim.pdf --> zim.us /pdf Masei-Sephardim.pdf
2013.11.27 00:13 B C:\Haftorah Audio\pdf\Matot.pdf --> zim.us /pdf Matot.pdf
2013.11.27 00:13 B C:\Haftorah Audio\pdf\Metzora.pdf --> zim.us /pdf Metzora.pdf
2013.11.27 00:13 B C:\Haftorah Audio\pdf\Mikeitz.pdf --> zim.us /pdf Mikeitz.pdf
2013.11.27 00:13 B C:\Haftorah Audio\pdf\Mishpatim.pdf --> zim.us /pdf Mishpatim.pdf
2013.11.27 00:13 B C:\Haftorah Audio\pdf\Naso.pdf --> zim.us /pdf Naso.pdf
2013.11.27 00:13 B C:\Haftorah Audio\pdf\Netzavim.pdf --> zim.us /pdf Netzavim.pdf
2013.11.27 00:13 B C:\Haftorah Audio\pdf\Noach.pdf --> zim.us /pdf Noach.pdf
2013.11.27 00:13 B C:\Haftorah Audio\pdf\Parah.pdf --> zim.us /pdf Parah.pdf
2013.11.27 00:13 B C:\Haftorah Audio\pdf\Pekudei-Ashk.pdf --> zim.us /pdf Pekudei-Ashk.pdf
2013.11.27 00:13 B C:\Haftorah Audio\pdf\Pesach Chol-HaMoed.pdf --> zim.us /pdf Pesach Chol-HaMoed.pdf
2013.11.27 00:13 B C:\Haftorah Audio\pdf\Pesach-1.pdf --> zim.us /pdf Pesach-1.pdf
2013.11.27 00:13 B C:\Haftorah Audio\pdf\Pesach-2.pdf --> zim.us /pdf Pesach-2.pdf
2013.11.27 00:13 B C:\Haftorah Audio\pdf\Pesach-7.pdf --> zim.us /pdf Pesach-7.pdf
2013.11.27 00:13 B C:\Haftorah Audio\pdf\Pesach-8.pdf --> zim.us /pdf Pesach-8.pdf
2013.11.27 00:13 B C:\Haftorah Audio\pdf\Pinchas.pdf --> zim.us /pdf Pinchas.pdf
2013.11.27 00:13 B C:\Haftorah Audio\pdf\Reeh.pdf --> zim.us /pdf Reeh.pdf
2013.11.27 00:13 B C:\Haftorah Audio\pdf\Rosh Hashanah-1.pdf --> zim.us /pdf Rosh Hashanah-1.pdf
2013.11.27 00:13 B C:\Haftorah Audio\pdf\Rosh Hashanah-2.pdf --> zim.us /pdf Rosh Hashanah-2.pdf
2013.11.27 00:13 B C:\Haftorah Audio\pdf\Rosh Hodesh.pdf --> zim.us /pdf Rosh Hodesh.pdf
2013.11.27 00:13 B C:\Haftorah Audio\pdf\Shabbat Chanukah-1.pdf --> zim.us /pdf Shabbat Chanukah-1.pdf
2013.11.27 00:13 B C:\Haftorah Audio\pdf\Shabbat Chanukah-2.pdf --> zim.us /pdf Shabbat Chanukah-2.pdf
2013.11.27 00:13 B C:\Haftorah Audio\pdf\Shabbat Shuva.pdf --> zim.us /pdf Shabbat Shuva.pdf
2013.11.27 00:13 B C:\Haftorah Audio\pdf\Shavuot-1.pdf --> zim.us /pdf Shavuot-1.pdf
2013.11.27 00:13 B C:\Haftorah Audio\pdf\Shavuot-2-S.pdf --> zim.us /pdf Shavuot-2-S.pdf
2013.11.27 00:13 B C:\Haftorah Audio\pdf\Shekalim-Ashkenazim.pdf --> zim.us /pdf Shekalim-Ashkenazim.pdf
2013.11.27 00:13 B C:\Haftorah Audio\pdf\Shekalim-Sephardim.pdf --> zim.us /pdf Shekalim-Sephardim.pdf
2013.11.27 00:13 B C:\Haftorah Audio\pdf\ShelachLecha.pdf --> zim.us /pdf ShelachLecha.pdf
2013.11.27 00:13 B C:\Haftorah Audio\pdf\Shemini Atzeret.pdf --> zim.us /pdf Shemini Atzeret.pdf
2013.11.27 00:14 B C:\Haftorah Audio\pdf\Shemot-Ashkenazim.pdf --> zim.us /pdf Shemot-Ashkenazim.pdf
2013.11.27 00:14 B C:\Haftorah Audio\pdf\Shemot-Sephardim.pdf --> zim.us /pdf Shemot-Sephardim.pdf
2013.11.27 00:14 B C:\Haftorah Audio\pdf\Shmini.pdf --> zim.us /pdf Shmini.pdf
2013.11.27 00:14 B C:\Haftorah Audio\pdf\Shoftim.pdf --> zim.us /pdf Shoftim.pdf
2013.11.27 00:14 B C:\Haftorah Audio\pdf\Simchat Torah.pdf --> zim.us /pdf Simchat Torah.pdf
2013.11.27 00:14 B C:\Haftorah Audio\pdf\Sukkot Chol-HaMoed.pdf --> zim.us /pdf Sukkot Chol-HaMoed.pdf
2013.11.27 00:14 B C:\Haftorah Audio\pdf\Sukkot-1.pdf --> zim.us /pdf Sukkot-1.pdf
2013.11.27 00:14 B C:\Haftorah Audio\pdf\Sukkot-2.pdf --> zim.us /pdf Sukkot-2.pdf
2013.11.27 00:14 B C:\Haftorah Audio\pdf\Tazria.pdf --> zim.us /pdf Tazria.pdf
2013.11.27 00:14 B C:\Haftorah Audio\pdf\Terumah.pdf --> zim.us /pdf Terumah.pdf
2013.11.27 00:14 B C:\Haftorah Audio\pdf\Tezaveh.pdf --> zim.us /pdf Tezaveh.pdf
2013.11.27 00:14 B C:\Haftorah Audio\pdf\Toldot.pdf --> zim.us /pdf Toldot.pdf
2013.11.27 00:14 B C:\Haftorah Audio\pdf\Tzav.pdf --> zim.us /pdf Tzav.pdf
2013.11.27 00:14 B C:\Haftorah Audio\pdf\Va-era.pdf --> zim.us /pdf Va-era.pdf
2013.11.27 00:14 B C:\Haftorah Audio\pdf\Vayakhel-Ashk.pdf --> zim.us /pdf Vayakhel-Ashk.pdf
2013.11.27 00:14 B C:\Haftorah Audio\pdf\Vayakhel-Sephardim.pdf --> zim.us /pdf Vayakhel-Sephardim.pdf
2013.11.27 00:14 B C:\Haftorah Audio\pdf\Vayechi.pdf --> zim.us /pdf Vayechi.pdf
2013.11.27 00:14 B C:\Haftorah Audio\pdf\Vayera.pdf --> zim.us /pdf Vayera.pdf
2013.11.27 00:14 B C:\Haftorah Audio\pdf\Vayeshev.pdf --> zim.us /pdf Vayeshev.pdf
2013.11.27 00:14 B C:\Haftorah Audio\pdf\Vayetze-Ashkenazim.pdf --> zim.us /pdf Vayetze-Ashkenazim.pdf
2013.11.27 00:14 B C:\Haftorah Audio\pdf\Vayetze-Sephardim.pdf --> zim.us /pdf Vayetze-Sephardim.pdf
2013.11.27 00:14 B C:\Haftorah Audio\pdf\Vayigash.pdf --> zim.us /pdf Vayigash.pdf
2013.11.27 00:14 B C:\Haftorah Audio\pdf\Vayikra.pdf --> zim.us /pdf Vayikra.pdf
2013.11.27 00:14 B C:\Haftorah Audio\pdf\Vayishlach.pdf --> zim.us /pdf Vayishlach.pdf
2013.11.27 00:14 B C:\Haftorah Audio\pdf\Ve-etchanan.pdf --> zim.us /pdf Ve-etchanan.pdf
2013.11.27 00:14 B C:\Haftorah Audio\pdf\WS_FTP.LOG --> zim.us /pdf WS_FTP.LOG
2013.11.27 00:14 B C:\Haftorah Audio\pdf\Yitro.pdf --> zim.us /pdf Yitro.pdf
2013.11.27 00:14 B C:\Haftorah Audio\pdf\Yom Kippur.pdf --> zim.us /pdf Yom Kippur.pdf
2013.11.27 00:14 B C:\Haftorah Audio\pdf\Zachor.pdf --> zim.us /pdf Zachor.pdf
2017.01.23 23:07 B C:\Haftorah Audio\pdf\Bo.pdf --> zim.us /pdf Bo.pdf
2017.01.23 23:09 B C:\Haftorah Audio\pdf\Bo.pdf --> zim.us /pdf Bo.pdf
