2009.07.16 15:50 B C:\Haftorah Audio\Audio\Haftorah1.mp3 --> haftorahaudio.com /Audio Haftorah1.mp3
2009.07.16 15:53 B C:\Haftorah Audio\Audio\Haftorah2.mp3 --> haftorahaudio.com /Audio Haftorah2.mp3
2009.07.16 15:55 B C:\Haftorah Audio\Audio\Trop-Demo.mp3 --> haftorahaudio.com /Audio Trop-Demo.mp3
2009.07.29 17:57 B C:\Haftorah Audio\Audio\bereisheet.mp3 <-- Haftorah Audio /Audio bereisheet.mp3
2009.08.07 21:44 B C:\Haftorah Audio\Audio\lechlecha.mp3 <-- Haftorah Audio /Audio lechlecha.mp3
2009.08.07 21:44 B C:\Haftorah Audio\Audio\noach.mp3 <-- Haftorah Audio /Audio noach.mp3
2009.08.07 21:44 B C:\Haftorah Audio\Audio\vayera.mp3 <-- Haftorah Audio /Audio vayera.mp3
2009.08.10 21:44 B C:\Haftorah Audio\Audio\Blessing-Before-Haftorah.mp3 --> haftorahaudio.com /Audio Blessing-Before-Haftorah.mp3
2009.08.10 21:48 B C:\Haftorah Audio\Audio\Blessings-After-Haftorah.mp3 --> haftorahaudio.com /Audio Blessings-After-Haftorah.mp3
2009.08.10 21:56 B C:\Haftorah Audio\Audio\bereisheet-demo.mp3 --> haftorahaudio.com /Audio bereisheet-demo.mp3
2009.08.10 22:01 B C:\Haftorah Audio\Audio\noach-demo.mp3 --> haftorahaudio.com /Audio noach-demo.mp3
2009.08.10 22:08 B C:\Haftorah Audio\Audio\lechlecha-demo.mp3 --> haftorahaudio.com /Audio lechlecha-demo.mp3
2009.08.10 22:14 B C:\Haftorah Audio\Audio\toldot-demo.mp3 --> haftorahaudio.com /Audio toldot-demo.mp3
2009.08.10 22:32 B C:\Haftorah Audio\Audio\vayera-demo.mp3 --> haftorahaudio.com /Audio vayera-demo.mp3
2009.08.10 22:35 B C:\Haftorah Audio\Audio\vayetze-ashk-demo.mp3 --> haftorahaudio.com /Audio vayetze-ashk-demo.mp3
2009.08.10 22:38 B C:\Haftorah Audio\Audio\vayetze-seph-demo.mp3 --> haftorahaudio.com /Audio vayetze-seph-demo.mp3
2009.08.11 15:12 B C:\Haftorah Audio\Audio\chayesarah-demo.mp3 <-- Haftorah Audio /Audio chayesarah-demo.mp3
2009.08.12 22:56 B C:\Haftorah Audio\Audio\vayeshev-demo.mp3 <-- Haftorah Audio /Audio vayeshev-demo.mp3
2009.08.12 22:56 B C:\Haftorah Audio\Audio\vayishlach-demo.mp3 <-- Haftorah Audio /Audio vayishlach-demo.mp3
2009.08.15 21:43 B C:\Haftorah Audio\Audio\miketz-demo.mp3 <-- Haftorah Audio /Audio miketz-demo.mp3
2009.08.15 21:44 B C:\Haftorah Audio\Audio\vayigash-demo.mp3 <-- Haftorah Audio /Audio vayigash-demo.mp3
2009.08.15 21:44 B C:\Haftorah Audio\Audio\vayechi-demo.mp3 <-- Haftorah Audio /Audio vayechi-demo.mp3
2009.08.16 21:48 B C:\Haftorah Audio\Audio\machar-chodesh-demo.mp3 --> haftorahaudio.com /Audio machar-chodesh-demo.mp3
2009.08.16 21:52 B C:\Haftorah Audio\Audio\shabbat-chanukah-1-demo.mp3 --> haftorahaudio.com /Audio shabbat-chanukah-1-demo.mp3
2009.08.16 21:54 B C:\Haftorah Audio\Audio\shabbat-chanukah-2-demo.mp3 --> haftorahaudio.com /Audio shabbat-chanukah-2-demo.mp3
2009.08.16 21:57 B C:\Haftorah Audio\Audio\shabbat-rosh-chodesh-demo.mp3 --> haftorahaudio.com /Audio shabbat-rosh-chodesh-demo.mp3
2009.08.17 22:07 B C:\Haftorah Audio\Audio\bo-demo.mp3 --> haftorahaudio.com /Audio bo-demo.mp3
2009.08.17 22:09 B C:\Haftorah Audio\Audio\shemot-ashk-demo.mp3 --> haftorahaudio.com /Audio shemot-ashk-demo.mp3
2009.08.17 22:11 B C:\Haftorah Audio\Audio\shemot-seph-demo.mp3 --> haftorahaudio.com /Audio shemot-seph-demo.mp3
2009.08.17 22:14 B C:\Haftorah Audio\Audio\vaera-demo.mp3 --> haftorahaudio.com /Audio vaera-demo.mp3
2009.08.19 15:01 B C:\Haftorah Audio\Audio\beshalach-ashk-demo.mp3 --> haftorahaudio.com /Audio beshalach-ashk-demo.mp3
2009.08.19 15:03 B C:\Haftorah Audio\Audio\beshalach-seph-demo.mp3 --> haftorahaudio.com /Audio beshalach-seph-demo.mp3
2009.08.19 15:10 B C:\Haftorah Audio\Audio\mishpatim-demo.mp3 --> haftorahaudio.com /Audio mishpatim-demo.mp3
2009.08.19 15:12 B C:\Haftorah Audio\Audio\yitro-demo.mp3 --> haftorahaudio.com /Audio yitro-demo.mp3
2009.09.08 01:12 B C:\Haftorah Audio\Audio\terumah-demo.mp3 --> haftorahaudio.com /Audio terumah-demo.mp3
2009.09.08 01:18 B C:\Haftorah Audio\Audio\shekalim-ashk-demo.mp3 --> haftorahaudio.com /Audio shekalim-ashk-demo.mp3
2009.09.08 01:25 B C:\Haftorah Audio\Audio\shekalim-seph-demo.mp3 --> haftorahaudio.com /Audio shekalim-seph-demo.mp3
2009.09.08 01:29 B C:\Haftorah Audio\Audio\yom-kippur-demo.mp3 --> haftorahaudio.com /Audio yom-kippur-demo.mp3
2009.09.08 01:34 B C:\Haftorah Audio\Audio\zachor-demo.mp3 --> haftorahaudio.com /Audio zachor-demo.mp3
2009.09.08 01:42 B C:\Haftorah Audio\Audio\rosh-hashanah-1-demo.mp3 --> haftorahaudio.com /Audio rosh-hashanah-1-demo.mp3
2009.09.08 01:48 B C:\Haftorah Audio\Audio\rosh-hashanah-2-demo.mp3 --> haftorahaudio.com /Audio rosh-hashanah-2-demo.mp3
2009.09.08 12:14 B C:\Haftorah Audio\Audio\Blessings-After-Haftorah-RH.mp3 <-- Haftorah Audio /Audio Blessings-After-Haftorah-RH.mp3
2009.09.08 12:14 B C:\Haftorah Audio\Audio\Blessings-After-Haftorah-YK.mp3 <-- Haftorah Audio /Audio Blessings-After-Haftorah-YK.mp3
2009.09.09 15:13 B C:\Haftorah Audio\Audio\hachodesh-ashk-demo.mp3 --> haftorahaudio.com /Audio hachodesh-ashk-demo.mp3
2009.09.09 15:15 B C:\Haftorah Audio\Audio\hachodesh-seph-demo.mp3 --> haftorahaudio.com /Audio hachodesh-seph-demo.mp3
2009.09.09 15:17 B C:\Haftorah Audio\Audio\parah-demo.mp3 --> haftorahaudio.com /Audio parah-demo.mp3
2009.10.09 16:02 B C:\Haftorah Audio\Audio\shemini-demo.mp3 --> haftorahaudio.com /Audio shemini-demo.mp3
2009.10.09 16:04 B C:\Haftorah Audio\Audio\hagadol-demo.mp3 --> haftorahaudio.com /Audio hagadol-demo.mp3
2009.10.09 16:04 B C:\Haftorah Audio\Audio\vayikra-demo.mp3 --> haftorahaudio.com /Audio vayikra-demo.mp3
2009.10.25 23:28 B C:\Haftorah Audio\Audio\metzora-demo.mp3 --> haftorahaudio.com /Audio metzora-demo.mp3
2009.10.25 23:30 B C:\Haftorah Audio\Audio\aharei-kedoshim-1-demo.mp3 --> haftorahaudio.com /Audio aharei-kedoshim-1-demo.mp3
2009.10.25 23:32 B C:\Haftorah Audio\Audio\aharei-kedoshim-2-demo.mp3 --> haftorahaudio.com /Audio aharei-kedoshim-2-demo.mp3
2009.10.25 23:35 B C:\Haftorah Audio\Audio\kedoshim-seph-demo.mp3 --> haftorahaudio.com /Audio kedoshim-seph-demo.mp3
2009.10.27 21:56 B C:\Haftorah Audio\Audio\bamidbar-demo.mp3 --> haftorahaudio.com /Audio bamidbar-demo.mp3
2009.10.27 21:58 B C:\Haftorah Audio\Audio\bechukotai-demo.mp3 --> haftorahaudio.com /Audio bechukotai-demo.mp3
2009.10.27 22:01 B C:\Haftorah Audio\Audio\behar-demo.mp3 --> haftorahaudio.com /Audio behar-demo.mp3
2009.10.27 22:04 B C:\Haftorah Audio\Audio\emor-demo.mp3 --> haftorahaudio.com /Audio emor-demo.mp3
2009.10.29 22:08 B C:\Haftorah Audio\Audio\bhaalotcha-demo.mp3 --> haftorahaudio.com /Audio bhaalotcha-demo.mp3
2009.10.29 22:12 B C:\Haftorah Audio\Audio\naso-demo.mp3 --> haftorahaudio.com /Audio naso-demo.mp3
2009.10.29 22:16 B C:\Haftorah Audio\Audio\shelach-lecha-demo.mp3 --> haftorahaudio.com /Audio shelach-lecha-demo.mp3
2009.11.12 23:26 B C:\Haftorah Audio\Audio\balak-demo.mp3 --> haftorahaudio.com /Audio balak-demo.mp3
2009.11.12 23:30 B C:\Haftorah Audio\Audio\hukkat-demo.mp3 --> haftorahaudio.com /Audio hukkat-demo.mp3
2009.11.12 23:33 B C:\Haftorah Audio\Audio\korach-demo.mp3 --> haftorahaudio.com /Audio korach-demo.mp3
2009.11.12 23:35 B C:\Haftorah Audio\Audio\pinchas-demo.mp3 --> haftorahaudio.com /Audio pinchas-demo.mp3
2009.12.04 16:40 B C:\Haftorah Audio\Audio\masei-demo.mp3 --> haftorahaudio.com /Audio masei-demo.mp3
2009.12.04 16:41 B C:\Haftorah Audio\Audio\matot-demo.mp3 --> haftorahaudio.com /Audio matot-demo.mp3
2009.12.04 16:43 B C:\Haftorah Audio\Audio\devarim-demo.mp3 --> haftorahaudio.com /Audio devarim-demo.mp3
2009.12.04 16:45 B C:\Haftorah Audio\Audio\veetchanan-demo.mp3 --> haftorahaudio.com /Audio veetchanan-demo.mp3
2009.12.11 17:21 B C:\Haftorah Audio\Audio\ekev-demo.mp3 --> haftorahaudio.com /Audio ekev-demo.mp3
2009.12.11 17:23 B C:\Haftorah Audio\Audio\reeh-demo.mp3 --> haftorahaudio.com /Audio reeh-demo.mp3
2009.12.11 17:25 B C:\Haftorah Audio\Audio\shoftim-demo.mp3 --> haftorahaudio.com /Audio shoftim-demo.mp3
2009.12.11 17:28 B C:\Haftorah Audio\Audio\ki-tavo-demo.mp3 --> haftorahaudio.com /Audio ki-tavo-demo.mp3
2009.12.11 17:30 B C:\Haftorah Audio\Audio\ki-tetze-demo.mp3 --> haftorahaudio.com /Audio ki-tetze-demo.mp3
2009.12.14 22:35 B C:\Haftorah Audio\Audio\haazinu-demo.mp3 --> haftorahaudio.com /Audio haazinu-demo.mp3
2009.12.14 22:37 B C:\Haftorah Audio\Audio\nitzavim-demo.mp3 --> haftorahaudio.com /Audio nitzavim-demo.mp3
2009.12.14 22:39 B C:\Haftorah Audio\Audio\shuvah-demo.mp3 --> haftorahaudio.com /Audio shuvah-demo.mp3
2009.12.20 11:23 B C:\Haftorah Audio\Audio\ki-tissa-ashk-demo.mp3 --> haftorahaudio.com /Audio ki-tissa-ashk-demo.mp3
2009.12.20 11:25 B C:\Haftorah Audio\Audio\ki-tissa-seph-demo.mp3 --> haftorahaudio.com /Audio ki-tissa-seph-demo.mp3
2009.12.20 11:28 B C:\Haftorah Audio\Audio\tetzaveh-demo.mp3 --> haftorahaudio.com /Audio tetzaveh-demo.mp3
2009.12.20 11:30 B C:\Haftorah Audio\Audio\vayakhel-ashk-demo.mp3 --> haftorahaudio.com /Audio vayakhel-ashk-demo.mp3
2009.12.20 11:32 B C:\Haftorah Audio\Audio\vayakhel-seph-demo.mp3 --> haftorahaudio.com /Audio vayakhel-seph-demo.mp3
2009.12.20 11:35 B C:\Haftorah Audio\Audio\pekudei-ashk-demo.mp3 --> haftorahaudio.com /Audio pekudei-ashk-demo.mp3
2010.02.26 17:23 B C:\Haftorah Audio\Audio\tzav-demo.mp3 --> haftorahaudio.com /Audio tzav-demo.mp3
2010.02.26 17:25 B C:\Haftorah Audio\Audio\tazria-demo.mp3 --> haftorahaudio.com /Audio tazria-demo.mp3
2010.02.26 17:27 B C:\Haftorah Audio\Audio\pesach-1-demo.mp3 --> haftorahaudio.com /Audio pesach-1-demo.mp3
2010.02.26 17:29 B C:\Haftorah Audio\Audio\pesach-2-demo.mp3 --> haftorahaudio.com /Audio pesach-2-demo.mp3
2010.02.26 17:31 B C:\Haftorah Audio\Audio\pesach-chol-hamoed-demo.mp3 --> haftorahaudio.com /Audio pesach-chol-hamoed-demo.mp3
2010.03.01 22:55 B C:\Haftorah Audio\Audio\Blessings-After-Haftorah-Pesach.mp3 --> haftorahaudio.com /Audio Blessings-After-Haftorah-Pesach.mp3
2010.09.28 20:23 B C:\Haftorah Audio\Audio\shemini-atzeret-demo.mp3 <-- Haftorah Audio /Audio shemini-atzeret-demo.mp3
2010.09.28 20:23 B C:\Haftorah Audio\Audio\simchat-torah-demo.mp3 <-- Haftorah Audio /Audio simchat-torah-demo.mp3
2011.04.07 22:13 B C:\Haftorah Audio\Audio\Blessings-After-Haftorah-Shavuot.mp3 --> haftorahaudio.com /Audio Blessings-After-Haftorah-Shavuot.mp3
2011.04.07 22:13 B C:\Haftorah Audio\Audio\pesach-7-demo.mp3 --> haftorahaudio.com /Audio pesach-7-demo.mp3
2011.04.07 22:13 B C:\Haftorah Audio\Audio\pesach-8-demo.mp3 --> haftorahaudio.com /Audio pesach-8-demo.mp3
2011.04.07 22:14 B C:\Haftorah Audio\Audio\shavuot-1-demo.mp3 --> haftorahaudio.com /Audio shavuot-1-demo.mp3
2013.11.26 23:47 B C:\Haftorah Audio\Audio\aharei-kedoshim-1-demo.mp3 --> zim.us /Audio aharei-kedoshim-1-demo.mp3
2013.11.26 23:47 B C:\Haftorah Audio\Audio\aharei-kedoshim-2-demo.mp3 --> zim.us /Audio aharei-kedoshim-2-demo.mp3
2013.11.26 23:47 B C:\Haftorah Audio\Audio\balak-demo.mp3 --> zim.us /Audio balak-demo.mp3
2013.11.26 23:47 B C:\Haftorah Audio\Audio\bamidbar-demo.mp3 --> zim.us /Audio bamidbar-demo.mp3
2013.11.26 23:47 B C:\Haftorah Audio\Audio\bechukotai-demo.mp3 --> zim.us /Audio bechukotai-demo.mp3
2013.11.26 23:48 B C:\Haftorah Audio\Audio\behar-demo.mp3 --> zim.us /Audio behar-demo.mp3
2013.11.26 23:48 B C:\Haftorah Audio\Audio\bereisheet-demo.mp3 --> zim.us /Audio bereisheet-demo.mp3
2013.11.26 23:48 B C:\Haftorah Audio\Audio\beshalach-ashk-demo.mp3 --> zim.us /Audio beshalach-ashk-demo.mp3
2013.11.26 23:48 B C:\Haftorah Audio\Audio\beshalach-seph-demo.mp3 --> zim.us /Audio beshalach-seph-demo.mp3
2013.11.26 23:49 B C:\Haftorah Audio\Audio\bhaalotcha-demo.mp3 --> zim.us /Audio bhaalotcha-demo.mp3
2013.11.26 23:49 B C:\Haftorah Audio\Audio\Blessing-Before-Haftorah.mp3 --> zim.us /Audio Blessing-Before-Haftorah.mp3
2013.11.26 23:49 B C:\Haftorah Audio\Audio\Blessings-After-Haftorah-Pesach.mp3 --> zim.us /Audio Blessings-After-Haftorah-Pesach.mp3
2013.11.26 23:49 B C:\Haftorah Audio\Audio\Blessings-After-Haftorah-RH.mp3 --> zim.us /Audio Blessings-After-Haftorah-RH.mp3
2013.11.26 23:49 B C:\Haftorah Audio\Audio\Blessings-After-Haftorah-Shavuot.mp3 --> zim.us /Audio Blessings-After-Haftorah-Shavuot.mp3
2013.11.26 23:49 B C:\Haftorah Audio\Audio\Blessings-After-Haftorah-Shemini-Atzeret.mp3 --> zim.us /Audio Blessings-After-Haftorah-Shemini-Atzeret.mp3
2013.11.26 23:49 B C:\Haftorah Audio\Audio\Blessings-After-Haftorah-Sukkot.mp3 --> zim.us /Audio Blessings-After-Haftorah-Sukkot.mp3
2013.11.26 23:49 B C:\Haftorah Audio\Audio\Blessings-After-Haftorah-YK.mp3 --> zim.us /Audio Blessings-After-Haftorah-YK.mp3
2013.11.26 23:50 B C:\Haftorah Audio\Audio\Blessings-After-Haftorah.mp3 --> zim.us /Audio Blessings-After-Haftorah.mp3
2013.11.26 23:50 B C:\Haftorah Audio\Audio\bo-demo.mp3 --> zim.us /Audio bo-demo.mp3
2013.11.26 23:50 B C:\Haftorah Audio\Audio\chayesarah-demo.mp3 --> zim.us /Audio chayesarah-demo.mp3
2013.11.26 23:50 B C:\Haftorah Audio\Audio\devarim-demo.mp3 --> zim.us /Audio devarim-demo.mp3
2013.11.26 23:51 B C:\Haftorah Audio\Audio\ekev-demo.mp3 --> zim.us /Audio ekev-demo.mp3
2013.11.26 23:51 B C:\Haftorah Audio\Audio\emor-demo.mp3 --> zim.us /Audio emor-demo.mp3
2013.11.26 23:51 B C:\Haftorah Audio\Audio\haazinu-demo.mp3 --> zim.us /Audio haazinu-demo.mp3
2013.11.26 23:51 B C:\Haftorah Audio\Audio\hachodesh-ashk-demo.mp3 --> zim.us /Audio hachodesh-ashk-demo.mp3
2013.11.26 23:52 B C:\Haftorah Audio\Audio\hachodesh-seph-demo.mp3 --> zim.us /Audio hachodesh-seph-demo.mp3
2013.11.26 23:52 B C:\Haftorah Audio\Audio\hagadol-demo.mp3 --> zim.us /Audio hagadol-demo.mp3
2013.11.26 23:52 B C:\Haftorah Audio\Audio\hukkat-demo.mp3 --> zim.us /Audio hukkat-demo.mp3
2013.11.26 23:53 B C:\Haftorah Audio\Audio\kedoshim-seph-demo.mp3 --> zim.us /Audio kedoshim-seph-demo.mp3
2013.11.26 23:53 B C:\Haftorah Audio\Audio\ki-tavo-demo.mp3 --> zim.us /Audio ki-tavo-demo.mp3
2013.11.26 23:53 B C:\Haftorah Audio\Audio\ki-tetze-demo.mp3 --> zim.us /Audio ki-tetze-demo.mp3
2013.11.26 23:53 B C:\Haftorah Audio\Audio\ki-tissa-ashk-demo.mp3 --> zim.us /Audio ki-tissa-ashk-demo.mp3
2013.11.26 23:54 B C:\Haftorah Audio\Audio\ki-tissa-seph-demo.mp3 --> zim.us /Audio ki-tissa-seph-demo.mp3
2013.11.26 23:54 B C:\Haftorah Audio\Audio\korach-demo.mp3 --> zim.us /Audio korach-demo.mp3
2013.11.26 23:54 B C:\Haftorah Audio\Audio\lechlecha-demo.mp3 --> zim.us /Audio lechlecha-demo.mp3
2013.11.26 23:54 B C:\Haftorah Audio\Audio\machar-chodesh-demo.mp3 --> zim.us /Audio machar-chodesh-demo.mp3
2013.11.26 23:55 B C:\Haftorah Audio\Audio\masei-demo.mp3 --> zim.us /Audio masei-demo.mp3
2013.11.26 23:55 B C:\Haftorah Audio\Audio\matot-demo.mp3 --> zim.us /Audio matot-demo.mp3
2013.11.26 23:55 B C:\Haftorah Audio\Audio\metzora-demo.mp3 --> zim.us /Audio metzora-demo.mp3
2013.11.26 23:56 B C:\Haftorah Audio\Audio\miketz-demo.mp3 --> zim.us /Audio miketz-demo.mp3
2013.11.26 23:56 B C:\Haftorah Audio\Audio\mishpatim-demo.mp3 --> zim.us /Audio mishpatim-demo.mp3
2013.11.26 23:56 B C:\Haftorah Audio\Audio\Movie.swf --> zim.us /Audio Movie.swf
2013.11.26 23:56 B C:\Haftorah Audio\Audio\naso-demo.mp3 --> zim.us /Audio naso-demo.mp3
2013.11.26 23:56 B C:\Haftorah Audio\Audio\nitzavim-demo.mp3 --> zim.us /Audio nitzavim-demo.mp3
2013.11.26 23:57 B C:\Haftorah Audio\Audio\noach-demo.mp3 --> zim.us /Audio noach-demo.mp3
2013.11.26 23:57 B C:\Haftorah Audio\Audio\parah-demo.mp3 --> zim.us /Audio parah-demo.mp3
2013.11.26 23:57 B C:\Haftorah Audio\Audio\pekudei-ashk-demo.mp3 --> zim.us /Audio pekudei-ashk-demo.mp3
2013.11.26 23:57 B C:\Haftorah Audio\Audio\pesach-1-demo.mp3 --> zim.us /Audio pesach-1-demo.mp3
2013.11.26 23:58 B C:\Haftorah Audio\Audio\pesach-2-demo.mp3 --> zim.us /Audio pesach-2-demo.mp3
2013.11.26 23:58 B C:\Haftorah Audio\Audio\pesach-7-demo.mp3 --> zim.us /Audio pesach-7-demo.mp3
2013.11.26 23:58 B C:\Haftorah Audio\Audio\pesach-8-demo.mp3 --> zim.us /Audio pesach-8-demo.mp3
2013.11.26 23:58 B C:\Haftorah Audio\Audio\pesach-chol-hamoed-demo.mp3 --> zim.us /Audio pesach-chol-hamoed-demo.mp3
2013.11.26 23:59 B C:\Haftorah Audio\Audio\pinchas-demo.mp3 --> zim.us /Audio pinchas-demo.mp3
2013.11.26 23:59 B C:\Haftorah Audio\Audio\reeh-demo.mp3 --> zim.us /Audio reeh-demo.mp3
2013.11.26 23:59 B C:\Haftorah Audio\Audio\rosh-hashanah-1-demo.mp3 --> zim.us /Audio rosh-hashanah-1-demo.mp3
2013.11.26 23:59 B C:\Haftorah Audio\Audio\rosh-hashanah-2-demo.mp3 --> zim.us /Audio rosh-hashanah-2-demo.mp3
2013.11.27 00:00 B C:\Haftorah Audio\Audio\shabbat-chanukah-1-demo.mp3 --> zim.us /Audio shabbat-chanukah-1-demo.mp3
2013.11.27 00:00 B C:\Haftorah Audio\Audio\shabbat-chanukah-2-demo.mp3 --> zim.us /Audio shabbat-chanukah-2-demo.mp3
2013.11.27 00:00 B C:\Haftorah Audio\Audio\shabbat-rosh-chodesh-demo.mp3 --> zim.us /Audio shabbat-rosh-chodesh-demo.mp3
2013.11.27 00:00 B C:\Haftorah Audio\Audio\shavuot-1-demo.mp3 --> zim.us /Audio shavuot-1-demo.mp3
2013.11.27 00:01 B C:\Haftorah Audio\Audio\shekalim-ashk-demo.mp3 --> zim.us /Audio shekalim-ashk-demo.mp3
2013.11.27 00:01 B C:\Haftorah Audio\Audio\shekalim-seph-demo.mp3 --> zim.us /Audio shekalim-seph-demo.mp3
2013.11.27 00:01 B C:\Haftorah Audio\Audio\shelach-lecha-demo.mp3 --> zim.us /Audio shelach-lecha-demo.mp3
2013.11.27 00:02 B C:\Haftorah Audio\Audio\shemini-atzeret-demo.mp3 --> zim.us /Audio shemini-atzeret-demo.mp3
2013.11.27 00:02 B C:\Haftorah Audio\Audio\shemini-demo.mp3 --> zim.us /Audio shemini-demo.mp3
2013.11.27 00:02 B C:\Haftorah Audio\Audio\shemot-ashk-demo.mp3 --> zim.us /Audio shemot-ashk-demo.mp3
2013.11.27 00:02 B C:\Haftorah Audio\Audio\shemot-seph-demo.mp3 --> zim.us /Audio shemot-seph-demo.mp3
2013.11.27 00:03 B C:\Haftorah Audio\Audio\shoftim-demo.mp3 --> zim.us /Audio shoftim-demo.mp3
2013.11.27 00:03 B C:\Haftorah Audio\Audio\shuvah-demo.mp3 --> zim.us /Audio shuvah-demo.mp3
2013.11.27 00:03 B C:\Haftorah Audio\Audio\simchat-torah-demo.mp3 --> zim.us /Audio simchat-torah-demo.mp3
2013.11.27 00:03 B C:\Haftorah Audio\Audio\sukkot-1-demo.mp3 --> zim.us /Audio sukkot-1-demo.mp3
2013.11.27 00:04 B C:\Haftorah Audio\Audio\sukkot-2-demo.mp3 --> zim.us /Audio sukkot-2-demo.mp3
2013.11.27 00:04 B C:\Haftorah Audio\Audio\sukkot-chol-hamoed-demo.mp3 --> zim.us /Audio sukkot-chol-hamoed-demo.mp3
2013.11.27 00:04 B C:\Haftorah Audio\Audio\tazria-demo.mp3 --> zim.us /Audio tazria-demo.mp3
2013.11.27 00:04 B C:\Haftorah Audio\Audio\terumah-demo.mp3 --> zim.us /Audio terumah-demo.mp3
2013.11.27 00:05 B C:\Haftorah Audio\Audio\tetzaveh-demo.mp3 --> zim.us /Audio tetzaveh-demo.mp3
2013.11.27 00:05 B C:\Haftorah Audio\Audio\toldot-demo.mp3 --> zim.us /Audio toldot-demo.mp3
2013.11.27 00:05 B C:\Haftorah Audio\Audio\Trop-Demo.mp3 --> zim.us /Audio Trop-Demo.mp3
2013.11.27 00:05 B C:\Haftorah Audio\Audio\tzav-demo.mp3 --> zim.us /Audio tzav-demo.mp3
2013.11.27 00:06 B C:\Haftorah Audio\Audio\vaera-demo.mp3 --> zim.us /Audio vaera-demo.mp3
2013.11.27 00:06 B C:\Haftorah Audio\Audio\vayakhel-ashk-demo.mp3 --> zim.us /Audio vayakhel-ashk-demo.mp3
2013.11.27 00:06 B C:\Haftorah Audio\Audio\vayakhel-seph-demo.mp3 --> zim.us /Audio vayakhel-seph-demo.mp3
2013.11.27 00:06 B C:\Haftorah Audio\Audio\vayechi-demo.mp3 --> zim.us /Audio vayechi-demo.mp3
2013.11.27 00:07 B C:\Haftorah Audio\Audio\vayera-demo.mp3 --> zim.us /Audio vayera-demo.mp3
2013.11.27 00:07 B C:\Haftorah Audio\Audio\vayeshev-demo.mp3 --> zim.us /Audio vayeshev-demo.mp3
2013.11.27 00:07 B C:\Haftorah Audio\Audio\vayetze-ashk-demo.mp3 --> zim.us /Audio vayetze-ashk-demo.mp3
2013.11.27 00:07 B C:\Haftorah Audio\Audio\vayetze-seph-demo.mp3 --> zim.us /Audio vayetze-seph-demo.mp3
2013.11.27 00:07 B C:\Haftorah Audio\Audio\vayigash-demo.mp3 --> zim.us /Audio vayigash-demo.mp3
2013.11.27 00:08 B C:\Haftorah Audio\Audio\vayikra-demo.mp3 --> zim.us /Audio vayikra-demo.mp3
2013.11.27 00:08 B C:\Haftorah Audio\Audio\vayishlach-demo.mp3 --> zim.us /Audio vayishlach-demo.mp3
2013.11.27 00:08 B C:\Haftorah Audio\Audio\veetchanan-demo.mp3 --> zim.us /Audio veetchanan-demo.mp3
2013.11.27 00:08 B C:\Haftorah Audio\Audio\WS_FTP.LOG --> zim.us /Audio WS_FTP.LOG
2013.11.27 00:09 B C:\Haftorah Audio\Audio\yitro-demo.mp3 --> zim.us /Audio yitro-demo.mp3
2013.11.27 00:09 B C:\Haftorah Audio\Audio\yom-kippur-demo.mp3 --> zim.us /Audio yom-kippur-demo.mp3
2013.11.27 00:09 B C:\Haftorah Audio\Audio\zachor-demo.mp3 --> zim.us /Audio zachor-demo.mp3
2016.09.02 17:46 B C:\Haftorah Audio\Audio\yonah-demo.mp3 --> zim.us /Audio yonah-demo.mp3
