2009.08.19 15:15 B C:\Documents and Settings\Zimmerman Family\Desktop\New Haftorah Pages\Dvarim.gif --> haftorahaudio.com /pages Dvarim.gif
2009.08.19 15:15 B C:\Documents and Settings\Zimmerman Family\Desktop\New Haftorah Pages\Dvarim2.gif --> haftorahaudio.com /pages Dvarim2.gif
2009.08.19 15:15 B C:\Documents and Settings\Zimmerman Family\Desktop\New Haftorah Pages\Ekev.gif --> haftorahaudio.com /pages Ekev.gif
2009.08.19 15:15 B C:\Documents and Settings\Zimmerman Family\Desktop\New Haftorah Pages\Ekev2.gif --> haftorahaudio.com /pages Ekev2.gif
2009.08.19 15:15 B C:\Documents and Settings\Zimmerman Family\Desktop\New Haftorah Pages\Haazinu.gif --> haftorahaudio.com /pages Haazinu.gif
2009.08.19 15:15 B C:\Documents and Settings\Zimmerman Family\Desktop\New Haftorah Pages\Haazinu2.gif --> haftorahaudio.com /pages Haazinu2.gif
2009.08.19 15:15 B C:\Documents and Settings\Zimmerman Family\Desktop\New Haftorah Pages\Ki Tavo.gif --> haftorahaudio.com /pages Ki Tavo.gif
2009.08.19 15:15 B C:\Documents and Settings\Zimmerman Family\Desktop\New Haftorah Pages\Ki Tavo2.gif --> haftorahaudio.com /pages Ki Tavo2.gif
2009.08.19 15:15 B C:\Documents and Settings\Zimmerman Family\Desktop\New Haftorah Pages\Ki Tetze.gif --> haftorahaudio.com /pages Ki Tetze.gif
2009.08.19 15:15 B C:\Documents and Settings\Zimmerman Family\Desktop\New Haftorah Pages\Nitzavim.gif --> haftorahaudio.com /pages Nitzavim.gif
2009.08.19 15:15 B C:\Documents and Settings\Zimmerman Family\Desktop\New Haftorah Pages\Nitzavim2.gif --> haftorahaudio.com /pages Nitzavim2.gif
2009.08.19 15:15 B C:\Documents and Settings\Zimmerman Family\Desktop\New Haftorah Pages\Re'eh.gif --> haftorahaudio.com /pages Re'eh.gif
2009.08.19 15:16 B C:\Documents and Settings\Zimmerman Family\Desktop\New Haftorah Pages\Shoftim.gif --> haftorahaudio.com /pages Shoftim.gif
2009.08.19 15:16 B C:\Documents and Settings\Zimmerman Family\Desktop\New Haftorah Pages\Shoftim2.gif --> haftorahaudio.com /pages Shoftim2.gif
2009.08.19 15:16 B C:\Documents and Settings\Zimmerman Family\Desktop\New Haftorah Pages\Veetchanan.gif --> haftorahaudio.com /pages Veetchanan.gif
2009.08.19 15:16 B C:\Documents and Settings\Zimmerman Family\Desktop\New Haftorah Pages\Veetchanan2.gif --> haftorahaudio.com /pages Veetchanan2.gif
2009.10.13 13:30 B C:\Haftorah Audio\pages\Hagadol2.gif --> haftorahaudio.com /pages Hagadol2.gif
2009.12.16 13:23 B C:\Haftorah Audio\pages\Shabbat Shuvah.gif --> haftorahaudio.com /pages Shabbat Shuvah.gif
2009.12.16 13:23 B C:\Haftorah Audio\pages\Shabbat Shuvah2.gif --> haftorahaudio.com /pages Shabbat Shuvah2.gif
2011.01.19 10:19 B C:\Haftorah Audio\pages\Trope.gif --> haftorahaudio.com /pages Trope.gif
2011.01.19 10:21 B C:\Haftorah Audio\pages\Trope.gif --> haftorahaudio.com / Trope.gif
2011.07.12 08:17 B C:\Haftorah Audio\pages\Shuva1.gif <-- Haftorah Audio /pages Shuva1.gif
2011.07.12 08:17 B C:\Haftorah Audio\pages\Shuva2.gif <-- Haftorah Audio /pages Shuva2.gif
2011.07.12 08:17 B C:\Haftorah Audio\pages\Shuva3.gif <-- Haftorah Audio /pages Shuva3.gif
2011.07.12 08:18 B C:\Haftorah Audio\pages\Shabbat Shuva1.gif <-- Haftorah Audio /pages Shabbat Shuva1.gif
2011.07.12 08:18 B C:\Haftorah Audio\pages\Shabbat Shuva2.gif <-- Haftorah Audio /pages Shabbat Shuva2.gif
2011.07.12 08:18 B C:\Haftorah Audio\pages\Shabbat Shuva3.gif <-- Haftorah Audio /pages Shabbat Shuva3.gif
2013.11.27 00:10 B C:\Haftorah Audio\pages\Achrei Mot Kedoshim 1.gif --> zim.us /pages Achrei Mot Kedoshim 1.gif
2013.11.27 00:10 B C:\Haftorah Audio\pages\Achrei Mot Kedoshim 2.gif --> zim.us /pages Achrei Mot Kedoshim 2.gif
2013.11.27 00:10 B C:\Haftorah Audio\pages\Achrei Mot Kedoshim 22.gif --> zim.us /pages Achrei Mot Kedoshim 22.gif
2013.11.27 00:10 B C:\Haftorah Audio\pages\Balak.gif --> zim.us /pages Balak.gif
2013.11.27 00:10 B C:\Haftorah Audio\pages\Balak2.gif --> zim.us /pages Balak2.gif
2013.11.27 00:10 B C:\Haftorah Audio\pages\Bamidbar.gif --> zim.us /pages Bamidbar.gif
2013.11.27 00:10 B C:\Haftorah Audio\pages\Bamidbar2.gif --> zim.us /pages Bamidbar2.gif
2013.11.27 00:10 B C:\Haftorah Audio\pages\Bechukotai.gif --> zim.us /pages Bechukotai.gif
2013.11.27 00:10 B C:\Haftorah Audio\pages\Bechukotai2.gif --> zim.us /pages Bechukotai2.gif
2013.11.27 00:10 B C:\Haftorah Audio\pages\Behaalotcha.gif --> zim.us /pages Behaalotcha.gif
2013.11.27 00:10 B C:\Haftorah Audio\pages\Behaalotcha2.gif --> zim.us /pages Behaalotcha2.gif
2013.11.27 00:10 B C:\Haftorah Audio\pages\Behar.gif --> zim.us /pages Behar.gif
2013.11.27 00:10 B C:\Haftorah Audio\pages\Behar2.gif --> zim.us /pages Behar2.gif
2013.11.27 00:10 B C:\Haftorah Audio\pages\Beshalach A.gif --> zim.us /pages Beshalach A.gif
2013.11.27 00:10 B C:\Haftorah Audio\pages\Beshalach A2.gif --> zim.us /pages Beshalach A2.gif
2013.11.27 00:10 B C:\Haftorah Audio\pages\Beshalach A3.gif --> zim.us /pages Beshalach A3.gif
2013.11.27 00:10 B C:\Haftorah Audio\pages\Beshalach A4.gif --> zim.us /pages Beshalach A4.gif
2013.11.27 00:10 B C:\Haftorah Audio\pages\Beshalach S.gif --> zim.us /pages Beshalach S.gif
2013.11.27 00:10 B C:\Haftorah Audio\pages\Beshalach S2.gif --> zim.us /pages Beshalach S2.gif
2013.11.27 00:10 B C:\Haftorah Audio\pages\Bo.gif --> zim.us /pages Bo.gif
2013.11.27 00:10 B C:\Haftorah Audio\pages\Bo2.gif --> zim.us /pages Bo2.gif
2013.11.27 00:10 B C:\Haftorah Audio\pages\Breishit.gif --> zim.us /pages Breishit.gif
2013.11.27 00:10 B C:\Haftorah Audio\pages\Breishit2.gif --> zim.us /pages Breishit2.gif
2013.11.27 00:10 B C:\Haftorah Audio\pages\Chanukah 1.gif --> zim.us /pages Chanukah 1.gif
2013.11.27 00:10 B C:\Haftorah Audio\pages\Chanukah 12.gif --> zim.us /pages Chanukah 12.gif
2013.11.27 00:10 B C:\Haftorah Audio\pages\Chanukah 2.gif --> zim.us /pages Chanukah 2.gif
2013.11.27 00:10 B C:\Haftorah Audio\pages\Chayei Sara.gif --> zim.us /pages Chayei Sara.gif
2013.11.27 00:10 B C:\Haftorah Audio\pages\Chayei Sara2.gif --> zim.us /pages Chayei Sara2.gif
2013.11.27 00:10 B C:\Haftorah Audio\pages\Chayei Sara3.gif --> zim.us /pages Chayei Sara3.gif
2013.11.27 00:10 B C:\Haftorah Audio\pages\Chukat.gif --> zim.us /pages Chukat.gif
2013.11.27 00:10 B C:\Haftorah Audio\pages\Chukat2.gif --> zim.us /pages Chukat2.gif
2013.11.27 00:10 B C:\Haftorah Audio\pages\Chukat3.gif --> zim.us /pages Chukat3.gif
2013.11.27 00:10 B C:\Haftorah Audio\pages\Dvarim.gif --> zim.us /pages Dvarim.gif
2013.11.27 00:11 B C:\Haftorah Audio\pages\Dvarim2.gif --> zim.us /pages Dvarim2.gif
2013.11.27 00:11 B C:\Haftorah Audio\pages\Ekev.gif --> zim.us /pages Ekev.gif
2013.11.27 00:11 B C:\Haftorah Audio\pages\Ekev2.gif --> zim.us /pages Ekev2.gif
2013.11.27 00:11 B C:\Haftorah Audio\pages\Emor.gif --> zim.us /pages Emor.gif
2013.11.27 00:11 B C:\Haftorah Audio\pages\Emor2.gif --> zim.us /pages Emor2.gif
2013.11.27 00:11 B C:\Haftorah Audio\pages\Haazinu.gif --> zim.us /pages Haazinu.gif
2013.11.27 00:11 B C:\Haftorah Audio\pages\Haazinu2.gif --> zim.us /pages Haazinu2.gif
2013.11.27 00:11 B C:\Haftorah Audio\pages\Hachodesh A.gif --> zim.us /pages Hachodesh A.gif
2013.11.27 00:11 B C:\Haftorah Audio\pages\Hachodesh A2.gif --> zim.us /pages Hachodesh A2.gif
2013.11.27 00:11 B C:\Haftorah Audio\pages\Hachodesh A3.gif --> zim.us /pages Hachodesh A3.gif
2013.11.27 00:11 B C:\Haftorah Audio\pages\Hachodesh S.gif --> zim.us /pages Hachodesh S.gif
2013.11.27 00:11 B C:\Haftorah Audio\pages\Hachodesh S2.gif --> zim.us /pages Hachodesh S2.gif
2013.11.27 00:11 B C:\Haftorah Audio\pages\Hagadol.gif --> zim.us /pages Hagadol.gif
2013.11.27 00:11 B C:\Haftorah Audio\pages\Hagadol2.gif --> zim.us /pages Hagadol2.gif
2013.11.27 00:11 B C:\Haftorah Audio\pages\Kedoshim S.gif --> zim.us /pages Kedoshim S.gif
2013.11.27 00:11 B C:\Haftorah Audio\pages\Kedoshim S2.gif --> zim.us /pages Kedoshim S2.gif
2013.11.27 00:11 B C:\Haftorah Audio\pages\Ki Tavo.gif --> zim.us /pages Ki Tavo.gif
2013.11.27 00:11 B C:\Haftorah Audio\pages\Ki Tavo2.gif --> zim.us /pages Ki Tavo2.gif
2013.11.27 00:11 B C:\Haftorah Audio\pages\Ki Tetze.gif --> zim.us /pages Ki Tetze.gif
2013.11.27 00:11 B C:\Haftorah Audio\pages\Ki Tisa A.gif --> zim.us /pages Ki Tisa A.gif
2013.11.27 00:11 B C:\Haftorah Audio\pages\Ki Tisa A2.gif --> zim.us /pages Ki Tisa A2.gif
2013.11.27 00:11 B C:\Haftorah Audio\pages\Ki Tisa A3.gif --> zim.us /pages Ki Tisa A3.gif
2013.11.27 00:11 B C:\Haftorah Audio\pages\Ki Tisa S.gif --> zim.us /pages Ki Tisa S.gif
2013.11.27 00:11 B C:\Haftorah Audio\pages\Ki Tisa S2.gif --> zim.us /pages Ki Tisa S2.gif
2013.11.27 00:11 B C:\Haftorah Audio\pages\Korach.gif --> zim.us /pages Korach.gif
2013.11.27 00:11 B C:\Haftorah Audio\pages\Korach2.gif --> zim.us /pages Korach2.gif
2013.11.27 00:11 B C:\Haftorah Audio\pages\Lech Lecha.gif --> zim.us /pages Lech Lecha.gif
2013.11.27 00:11 B C:\Haftorah Audio\pages\Lech Lecha2.gif --> zim.us /pages Lech Lecha2.gif
2013.11.27 00:11 B C:\Haftorah Audio\pages\Machar Chodesh.gif --> zim.us /pages Machar Chodesh.gif
2013.11.27 00:11 B C:\Haftorah Audio\pages\Machar Chodesh2.gif --> zim.us /pages Machar Chodesh2.gif
2013.11.27 00:11 B C:\Haftorah Audio\pages\Masei A.gif --> zim.us /pages Masei A.gif
2013.11.27 00:11 B C:\Haftorah Audio\pages\Masei A2.gif --> zim.us /pages Masei A2.gif
2013.11.27 00:11 B C:\Haftorah Audio\pages\Masei S.gif --> zim.us /pages Masei S.gif
2013.11.27 00:11 B C:\Haftorah Audio\pages\Masei S2.gif --> zim.us /pages Masei S2.gif
2013.11.27 00:11 B C:\Haftorah Audio\pages\Matot.gif --> zim.us /pages Matot.gif
2013.11.27 00:11 B C:\Haftorah Audio\pages\Matot2.gif --> zim.us /pages Matot2.gif
2013.11.27 00:11 B C:\Haftorah Audio\pages\Metzorah.gif --> zim.us /pages Metzorah.gif
2013.11.27 00:11 B C:\Haftorah Audio\pages\Metzorah2.gif --> zim.us /pages Metzorah2.gif
2013.11.27 00:11 B C:\Haftorah Audio\pages\Mikeitz.gif --> zim.us /pages Mikeitz.gif
2013.11.27 00:11 B C:\Haftorah Audio\pages\Mikeitz2.gif --> zim.us /pages Mikeitz2.gif
2013.11.27 00:11 B C:\Haftorah Audio\pages\Mishpatim.gif --> zim.us /pages Mishpatim.gif
2013.11.27 00:11 B C:\Haftorah Audio\pages\Mishpatim2.gif --> zim.us /pages Mishpatim2.gif
2013.11.27 00:11 B C:\Haftorah Audio\pages\Naso.gif --> zim.us /pages Naso.gif
2013.11.27 00:11 B C:\Haftorah Audio\pages\Naso2.gif --> zim.us /pages Naso2.gif
2013.11.27 00:11 B C:\Haftorah Audio\pages\Nitzavim.gif --> zim.us /pages Nitzavim.gif
2013.11.27 00:11 B C:\Haftorah Audio\pages\Nitzavim2.gif --> zim.us /pages Nitzavim2.gif
2013.11.27 00:11 B C:\Haftorah Audio\pages\Noach.gif --> zim.us /pages Noach.gif
2013.11.27 00:11 B C:\Haftorah Audio\pages\Noach2.gif --> zim.us /pages Noach2.gif
2013.11.27 00:11 B C:\Haftorah Audio\pages\p146.gif --> zim.us /pages p146.gif
2013.11.27 00:11 B C:\Haftorah Audio\pages\p147.gif --> zim.us /pages p147.gif
2013.11.27 00:11 B C:\Haftorah Audio\pages\Parah.gif --> zim.us /pages Parah.gif
2013.11.27 00:11 B C:\Haftorah Audio\pages\Parah2.gif --> zim.us /pages Parah2.gif
2013.11.27 00:11 B C:\Haftorah Audio\pages\Pekudei A.gif --> zim.us /pages Pekudei A.gif
2013.11.27 00:11 B C:\Haftorah Audio\pages\Pekudei A2.gif --> zim.us /pages Pekudei A2.gif
2013.11.27 00:11 B C:\Haftorah Audio\pages\Pesach Day 1.gif --> zim.us /pages Pesach Day 1.gif
2013.11.27 00:11 B C:\Haftorah Audio\pages\Pesach Day 12.gif --> zim.us /pages Pesach Day 12.gif
2013.11.27 00:11 B C:\Haftorah Audio\pages\Pesach Day 2.gif --> zim.us /pages Pesach Day 2.gif
2013.11.27 00:11 B C:\Haftorah Audio\pages\Pesach Day 22.gif --> zim.us /pages Pesach Day 22.gif
2013.11.27 00:11 B C:\Haftorah Audio\pages\Pesach Day 7.gif --> zim.us /pages Pesach Day 7.gif
2013.11.27 00:11 B C:\Haftorah Audio\pages\Pesach Day 72.gif --> zim.us /pages Pesach Day 72.gif
2013.11.27 00:11 B C:\Haftorah Audio\pages\Pesach Day 8.gif --> zim.us /pages Pesach Day 8.gif
2013.11.27 00:11 B C:\Haftorah Audio\pages\Pesach Day 82.gif --> zim.us /pages Pesach Day 82.gif
2013.11.27 00:11 B C:\Haftorah Audio\pages\Pesach Shabbat.gif --> zim.us /pages Pesach Shabbat.gif
2013.11.27 00:11 B C:\Haftorah Audio\pages\Pesach Shabbat2.gif --> zim.us /pages Pesach Shabbat2.gif
2013.11.27 00:11 B C:\Haftorah Audio\pages\Pinchas.gif --> zim.us /pages Pinchas.gif
2013.11.27 00:11 B C:\Haftorah Audio\pages\Pinchas2.gif --> zim.us /pages Pinchas2.gif
2013.11.27 00:11 B C:\Haftorah Audio\pages\Re'eh.gif --> zim.us /pages Re'eh.gif
2013.11.27 00:11 B C:\Haftorah Audio\pages\Rosh Chodesh.gif --> zim.us /pages Rosh Chodesh.gif
2013.11.27 00:11 B C:\Haftorah Audio\pages\Rosh Chodesh2.gif --> zim.us /pages Rosh Chodesh2.gif
2013.11.27 00:11 B C:\Haftorah Audio\pages\Rosh Hashana Day 1.gif --> zim.us /pages Rosh Hashana Day 1.gif
2013.11.27 00:11 B C:\Haftorah Audio\pages\Rosh Hashana Day 12.gif --> zim.us /pages Rosh Hashana Day 12.gif
2013.11.27 00:11 B C:\Haftorah Audio\pages\Rosh Hashana Day 13.gif --> zim.us /pages Rosh Hashana Day 13.gif
2013.11.27 00:11 B C:\Haftorah Audio\pages\Rosh Hashana Second Day.gif --> zim.us /pages Rosh Hashana Second Day.gif
2013.11.27 00:11 B C:\Haftorah Audio\pages\Rosh Hashana Second Day2.gif --> zim.us /pages Rosh Hashana Second Day2.gif
2013.11.27 00:11 B C:\Haftorah Audio\pages\Shabbat Shuva1.gif --> zim.us /pages Shabbat Shuva1.gif
2013.11.27 00:11 B C:\Haftorah Audio\pages\Shabbat Shuva2.gif --> zim.us /pages Shabbat Shuva2.gif
2013.11.27 00:11 B C:\Haftorah Audio\pages\Shabbat Shuva3.gif --> zim.us /pages Shabbat Shuva3.gif
2013.11.27 00:11 B C:\Haftorah Audio\pages\Shavuot Day 1.gif --> zim.us /pages Shavuot Day 1.gif
2013.11.27 00:11 B C:\Haftorah Audio\pages\Shavuot Day 12.gif --> zim.us /pages Shavuot Day 12.gif
2013.11.27 00:11 B C:\Haftorah Audio\pages\Shavuot Day 2 A.gif --> zim.us /pages Shavuot Day 2 A.gif
2013.11.27 00:11 B C:\Haftorah Audio\pages\Shavuot Day 2 A2.gif --> zim.us /pages Shavuot Day 2 A2.gif
2013.11.27 00:11 B C:\Haftorah Audio\pages\Shavuot Day 2 S.gif --> zim.us /pages Shavuot Day 2 S.gif
2013.11.27 00:11 B C:\Haftorah Audio\pages\Shavuot Day 2 S2.gif --> zim.us /pages Shavuot Day 2 S2.gif
2013.11.27 00:11 B C:\Haftorah Audio\pages\Shkalim A.gif --> zim.us /pages Shkalim A.gif
2013.11.27 00:11 B C:\Haftorah Audio\pages\Shkalim A2.gif --> zim.us /pages Shkalim A2.gif
2013.11.27 00:11 B C:\Haftorah Audio\pages\Shkalim S.gif --> zim.us /pages Shkalim S.gif
2013.11.27 00:12 B C:\Haftorah Audio\pages\Shkalim S2.gif --> zim.us /pages Shkalim S2.gif
2013.11.27 00:12 B C:\Haftorah Audio\pages\Shlach Lecha.gif --> zim.us /pages Shlach Lecha.gif
2013.11.27 00:12 B C:\Haftorah Audio\pages\Shlach Lecha2.gif --> zim.us /pages Shlach Lecha2.gif
2013.11.27 00:12 B C:\Haftorah Audio\pages\Shmini Atzeret.gif --> zim.us /pages Shmini Atzeret.gif
2013.11.27 00:12 B C:\Haftorah Audio\pages\Shmini Atzeret2.gif --> zim.us /pages Shmini Atzeret2.gif
2013.11.27 00:12 B C:\Haftorah Audio\pages\Shmini.gif --> zim.us /pages Shmini.gif
2013.11.27 00:12 B C:\Haftorah Audio\pages\Shmini2.gif --> zim.us /pages Shmini2.gif
2013.11.27 00:12 B C:\Haftorah Audio\pages\Shmini3.gif --> zim.us /pages Shmini3.gif
2013.11.27 00:12 B C:\Haftorah Audio\pages\Shmot A.gif --> zim.us /pages Shmot A.gif
2013.11.27 00:12 B C:\Haftorah Audio\pages\Shmot A2.gif --> zim.us /pages Shmot A2.gif
2013.11.27 00:12 B C:\Haftorah Audio\pages\Shmot S.gif --> zim.us /pages Shmot S.gif
2013.11.27 00:12 B C:\Haftorah Audio\pages\Shmot S2.gif --> zim.us /pages Shmot S2.gif
2013.11.27 00:12 B C:\Haftorah Audio\pages\Shoftim.gif --> zim.us /pages Shoftim.gif
2013.11.27 00:12 B C:\Haftorah Audio\pages\Shoftim2.gif --> zim.us /pages Shoftim2.gif
2013.11.27 00:12 B C:\Haftorah Audio\pages\Shuva Haazinu A.gif --> zim.us /pages Shuva Haazinu A.gif
2013.11.27 00:12 B C:\Haftorah Audio\pages\Shuva Haazinu A2.gif --> zim.us /pages Shuva Haazinu A2.gif
2013.11.27 00:12 B C:\Haftorah Audio\pages\Shuva Vayelech.gif --> zim.us /pages Shuva Vayelech.gif
2013.11.27 00:12 B C:\Haftorah Audio\pages\Shuva1.gif --> zim.us /pages Shuva1.gif
2013.11.27 00:12 B C:\Haftorah Audio\pages\Shuva2.gif --> zim.us /pages Shuva2.gif
2013.11.27 00:12 B C:\Haftorah Audio\pages\Shuva3.gif --> zim.us /pages Shuva3.gif
2013.11.27 00:12 B C:\Haftorah Audio\pages\Simchat Torah.gif --> zim.us /pages Simchat Torah.gif
2013.11.27 00:12 B C:\Haftorah Audio\pages\Simchat Torah2.gif --> zim.us /pages Simchat Torah2.gif
2013.11.27 00:12 B C:\Haftorah Audio\pages\Sukkot Day 1.gif --> zim.us /pages Sukkot Day 1.gif
2013.11.27 00:12 B C:\Haftorah Audio\pages\Sukkot Day 12.gif --> zim.us /pages Sukkot Day 12.gif
2013.11.27 00:12 B C:\Haftorah Audio\pages\Sukkot Day 2.gif --> zim.us /pages Sukkot Day 2.gif
2013.11.27 00:12 B C:\Haftorah Audio\pages\Sukkot Day 22.gif --> zim.us /pages Sukkot Day 22.gif
2013.11.27 00:12 B C:\Haftorah Audio\pages\Sukkot Shabbat.gif --> zim.us /pages Sukkot Shabbat.gif
2013.11.27 00:12 B C:\Haftorah Audio\pages\Sukkot Shabbat2.gif --> zim.us /pages Sukkot Shabbat2.gif
2013.11.27 00:12 B C:\Haftorah Audio\pages\Tazria.gif --> zim.us /pages Tazria.gif
2013.11.27 00:12 B C:\Haftorah Audio\pages\Tazria2.gif --> zim.us /pages Tazria2.gif
2013.11.27 00:12 B C:\Haftorah Audio\pages\Tesaveh.gif --> zim.us /pages Tesaveh.gif
2013.11.27 00:12 B C:\Haftorah Audio\pages\Tesaveh2.gif --> zim.us /pages Tesaveh2.gif
2013.11.27 00:12 B C:\Haftorah Audio\pages\Thumbs.db --> zim.us /pages Thumbs.db
2013.11.27 00:12 B C:\Haftorah Audio\pages\Toldot.gif --> zim.us /pages Toldot.gif
2013.11.27 00:12 B C:\Haftorah Audio\pages\Toldot2.gif --> zim.us /pages Toldot2.gif
2013.11.27 00:12 B C:\Haftorah Audio\pages\Trope.gif --> zim.us /pages Trope.gif
2013.11.27 00:12 B C:\Haftorah Audio\pages\Trumah.gif --> zim.us /pages Trumah.gif
2013.11.27 00:12 B C:\Haftorah Audio\pages\Trumah2.gif --> zim.us /pages Trumah2.gif
2013.11.27 00:12 B C:\Haftorah Audio\pages\Tzav.gif --> zim.us /pages Tzav.gif
2013.11.27 00:12 B C:\Haftorah Audio\pages\Tzav2.gif --> zim.us /pages Tzav2.gif
2013.11.27 00:12 B C:\Haftorah Audio\pages\VaEra.gif --> zim.us /pages VaEra.gif
2013.11.27 00:12 B C:\Haftorah Audio\pages\VaEra2.gif --> zim.us /pages VaEra2.gif
2013.11.27 00:12 B C:\Haftorah Audio\pages\Vayakhel A Pekudei S.gif --> zim.us /pages Vayakhel A Pekudei S.gif
2013.11.27 00:12 B C:\Haftorah Audio\pages\Vayakhel S.gif --> zim.us /pages Vayakhel S.gif
2013.11.27 00:12 B C:\Haftorah Audio\pages\Vayakhel S2.gif --> zim.us /pages Vayakhel S2.gif
2013.11.27 00:12 B C:\Haftorah Audio\pages\VaYehi.gif --> zim.us /pages VaYehi.gif
2013.11.27 00:12 B C:\Haftorah Audio\pages\Vayera.gif --> zim.us /pages Vayera.gif
2013.11.27 00:12 B C:\Haftorah Audio\pages\Vayera2.gif --> zim.us /pages Vayera2.gif
2013.11.27 00:12 B C:\Haftorah Audio\pages\Vayera3.gif --> zim.us /pages Vayera3.gif
2013.11.27 00:12 B C:\Haftorah Audio\pages\VaYeshev.gif --> zim.us /pages VaYeshev.gif
2013.11.27 00:12 B C:\Haftorah Audio\pages\VaYeshev2.gif --> zim.us /pages VaYeshev2.gif
2013.11.27 00:12 B C:\Haftorah Audio\pages\Vayetze A.gif --> zim.us /pages Vayetze A.gif
2013.11.27 00:12 B C:\Haftorah Audio\pages\Vayetze A2.gif --> zim.us /pages Vayetze A2.gif
2013.11.27 00:12 B C:\Haftorah Audio\pages\Vayetze S.gif --> zim.us /pages Vayetze S.gif
2013.11.27 00:12 B C:\Haftorah Audio\pages\VaYigash.gif --> zim.us /pages VaYigash.gif
2013.11.27 00:12 B C:\Haftorah Audio\pages\VaYigash2.gif --> zim.us /pages VaYigash2.gif
2013.11.27 00:12 B C:\Haftorah Audio\pages\Vayikra.gif --> zim.us /pages Vayikra.gif
2013.11.27 00:12 B C:\Haftorah Audio\pages\Vayikra2.gif --> zim.us /pages Vayikra2.gif
2013.11.27 00:12 B C:\Haftorah Audio\pages\VaYishlach.gif --> zim.us /pages VaYishlach.gif
2013.11.27 00:12 B C:\Haftorah Audio\pages\VaYishlach2.gif --> zim.us /pages VaYishlach2.gif
2013.11.27 00:12 B C:\Haftorah Audio\pages\Veetchanan.gif --> zim.us /pages Veetchanan.gif
2013.11.27 00:12 B C:\Haftorah Audio\pages\Veetchanan2.gif --> zim.us /pages Veetchanan2.gif
2013.11.27 00:12 B C:\Haftorah Audio\pages\WS_FTP.LOG --> zim.us /pages WS_FTP.LOG
2013.11.27 00:12 B C:\Haftorah Audio\pages\Yitro.gif --> zim.us /pages Yitro.gif
2013.11.27 00:12 B C:\Haftorah Audio\pages\Yitro2.gif --> zim.us /pages Yitro2.gif
2013.11.27 00:12 B C:\Haftorah Audio\pages\Yom Kippur.gif --> zim.us /pages Yom Kippur.gif
2013.11.27 00:12 B C:\Haftorah Audio\pages\Yom Kippur2.gif --> zim.us /pages Yom Kippur2.gif
2013.11.27 00:12 B C:\Haftorah Audio\pages\Zachor.gif --> zim.us /pages Zachor.gif
2013.11.27 00:12 B C:\Haftorah Audio\pages\Zachor2.gif --> zim.us /pages Zachor2.gif
2013.11.27 00:12 B C:\Haftorah Audio\pages\Zachor3.gif --> zim.us /pages Zachor3.gif
2016.09.02 00:05 B C:\Haftorah Audio\pages\Yonah1.gif --> zim.us /pages Yonah1.gif
2016.09.02 00:05 B C:\Haftorah Audio\pages\Yonah2.gif --> zim.us /pages Yonah2.gif
2016.09.02 00:05 B C:\Haftorah Audio\pages\Yonah3.gif --> zim.us /pages Yonah3.gif
2016.09.04 20:55 B C:\Haftorah Audio\pages\Yonah3.gif --> zim.us /pages Yonah3.gif
