2013.11.26 22:31 B C:\Haftorah Audio\Audio\Full Clips\aharei-kedoshim-1.mp3 --> zim.us /Audio/Full Clips aharei-kedoshim-1.mp3
2013.11.26 22:32 B C:\Haftorah Audio\Audio\Full Clips\aharei-kedoshim-2.mp3 --> zim.us /Audio/Full Clips aharei-kedoshim-2.mp3
2013.11.26 22:32 B C:\Haftorah Audio\Audio\Full Clips\balak.mp3 --> zim.us /Audio/Full Clips balak.mp3
2013.11.26 22:33 B C:\Haftorah Audio\Audio\Full Clips\bamidbar.mp3 --> zim.us /Audio/Full Clips bamidbar.mp3
2013.11.26 22:34 B C:\Haftorah Audio\Audio\Full Clips\bechukotai.mp3 --> zim.us /Audio/Full Clips bechukotai.mp3
2013.11.26 22:35 B C:\Haftorah Audio\Audio\Full Clips\behar.mp3 --> zim.us /Audio/Full Clips behar.mp3
2013.11.26 22:36 B C:\Haftorah Audio\Audio\Full Clips\bereisheet.mp3 --> zim.us /Audio/Full Clips bereisheet.mp3
2013.11.26 22:38 B C:\Haftorah Audio\Audio\Full Clips\beshalach-ashk.mp3 --> zim.us /Audio/Full Clips beshalach-ashk.mp3
2013.11.26 22:39 B C:\Haftorah Audio\Audio\Full Clips\beshalach-seph.mp3 --> zim.us /Audio/Full Clips beshalach-seph.mp3
2013.11.26 22:40 B C:\Haftorah Audio\Audio\Full Clips\bhaalotcha.mp3 --> zim.us /Audio/Full Clips bhaalotcha.mp3
2013.11.26 22:41 B C:\Haftorah Audio\Audio\Full Clips\bo.mp3 --> zim.us /Audio/Full Clips bo.mp3
2013.11.26 22:42 B C:\Haftorah Audio\Audio\Full Clips\chayesarah.mp3 --> zim.us /Audio/Full Clips chayesarah.mp3
2013.11.26 22:42 B C:\Haftorah Audio\Audio\Full Clips\devarim.mp3 --> zim.us /Audio/Full Clips devarim.mp3
2013.11.26 22:43 B C:\Haftorah Audio\Audio\Full Clips\ekev.mp3 --> zim.us /Audio/Full Clips ekev.mp3
2013.11.26 22:44 B C:\Haftorah Audio\Audio\Full Clips\emor.mp3 --> zim.us /Audio/Full Clips emor.mp3
2013.11.26 22:45 B C:\Haftorah Audio\Audio\Full Clips\haazinu.mp3 --> zim.us /Audio/Full Clips haazinu.mp3
2013.11.26 22:46 B C:\Haftorah Audio\Audio\Full Clips\hachodesh-ashk.mp3 --> zim.us /Audio/Full Clips hachodesh-ashk.mp3
2013.11.26 22:47 B C:\Haftorah Audio\Audio\Full Clips\hachodesh-seph.mp3 --> zim.us /Audio/Full Clips hachodesh-seph.mp3
2013.11.26 22:48 B C:\Haftorah Audio\Audio\Full Clips\hagadol.mp3 --> zim.us /Audio/Full Clips hagadol.mp3
2013.11.26 22:50 B C:\Haftorah Audio\Audio\Full Clips\hukkat.mp3 --> zim.us /Audio/Full Clips hukkat.mp3
2013.11.26 22:50 B C:\Haftorah Audio\Audio\Full Clips\kedoshim-seph.mp3 --> zim.us /Audio/Full Clips kedoshim-seph.mp3
2013.11.26 22:51 B C:\Haftorah Audio\Audio\Full Clips\ki-tavo.mp3 --> zim.us /Audio/Full Clips ki-tavo.mp3
2013.11.26 22:52 B C:\Haftorah Audio\Audio\Full Clips\ki-tetze.mp3 --> zim.us /Audio/Full Clips ki-tetze.mp3
2013.11.26 22:53 B C:\Haftorah Audio\Audio\Full Clips\ki-tissa-ashk.mp3 --> zim.us /Audio/Full Clips ki-tissa-ashk.mp3
2013.11.26 22:54 B C:\Haftorah Audio\Audio\Full Clips\ki-tissa-seph.mp3 --> zim.us /Audio/Full Clips ki-tissa-seph.mp3
2013.11.26 22:55 B C:\Haftorah Audio\Audio\Full Clips\korach.mp3 --> zim.us /Audio/Full Clips korach.mp3
2013.11.26 22:56 B C:\Haftorah Audio\Audio\Full Clips\lechlecha.mp3 --> zim.us /Audio/Full Clips lechlecha.mp3
2013.11.26 22:57 B C:\Haftorah Audio\Audio\Full Clips\machar-chodesh.mp3 --> zim.us /Audio/Full Clips machar-chodesh.mp3
2013.11.26 22:58 B C:\Haftorah Audio\Audio\Full Clips\masei-ashk.mp3 --> zim.us /Audio/Full Clips masei-ashk.mp3
2013.11.26 22:59 B C:\Haftorah Audio\Audio\Full Clips\masei-seph.mp3 --> zim.us /Audio/Full Clips masei-seph.mp3
2013.11.26 23:00 B C:\Haftorah Audio\Audio\Full Clips\matot.mp3 --> zim.us /Audio/Full Clips matot.mp3
2013.11.26 23:01 B C:\Haftorah Audio\Audio\Full Clips\metzora.mp3 --> zim.us /Audio/Full Clips metzora.mp3
2013.11.26 23:01 B C:\Haftorah Audio\Audio\Full Clips\miketz.mp3 --> zim.us /Audio/Full Clips miketz.mp3
2013.11.26 23:02 B C:\Haftorah Audio\Audio\Full Clips\mishpatim.mp3 --> zim.us /Audio/Full Clips mishpatim.mp3
2013.11.26 23:03 B C:\Haftorah Audio\Audio\Full Clips\naso.mp3 --> zim.us /Audio/Full Clips naso.mp3
2013.11.26 23:04 B C:\Haftorah Audio\Audio\Full Clips\nitzavim.mp3 --> zim.us /Audio/Full Clips nitzavim.mp3
2013.11.26 23:05 B C:\Haftorah Audio\Audio\Full Clips\noach.mp3 --> zim.us /Audio/Full Clips noach.mp3
2013.11.26 23:06 B C:\Haftorah Audio\Audio\Full Clips\parah.mp3 --> zim.us /Audio/Full Clips parah.mp3
2013.11.26 23:07 B C:\Haftorah Audio\Audio\Full Clips\pekudei-ashk.mp3 --> zim.us /Audio/Full Clips pekudei-ashk.mp3
2013.11.26 23:08 B C:\Haftorah Audio\Audio\Full Clips\pesach-1.mp3 --> zim.us /Audio/Full Clips pesach-1.mp3
2013.11.26 23:08 B C:\Haftorah Audio\Audio\Full Clips\pesach-2.mp3 --> zim.us /Audio/Full Clips pesach-2.mp3
2013.11.26 23:09 B C:\Haftorah Audio\Audio\Full Clips\pesach-7.mp3 --> zim.us /Audio/Full Clips pesach-7.mp3
2013.11.26 23:10 B C:\Haftorah Audio\Audio\Full Clips\pesach-8.mp3 --> zim.us /Audio/Full Clips pesach-8.mp3
2013.11.26 23:11 B C:\Haftorah Audio\Audio\Full Clips\pesach-chol-hamoed.mp3 --> zim.us /Audio/Full Clips pesach-chol-hamoed.mp3
2013.11.26 23:12 B C:\Haftorah Audio\Audio\Full Clips\pinchas.mp3 --> zim.us /Audio/Full Clips pinchas.mp3
2013.11.26 23:12 B C:\Haftorah Audio\Audio\Full Clips\reeh.mp3 --> zim.us /Audio/Full Clips reeh.mp3
2013.11.26 23:14 B C:\Haftorah Audio\Audio\Full Clips\rosh-hashanah-1.mp3 --> zim.us /Audio/Full Clips rosh-hashanah-1.mp3
2013.11.26 23:14 B C:\Haftorah Audio\Audio\Full Clips\rosh-hashanah-2.mp3 --> zim.us /Audio/Full Clips rosh-hashanah-2.mp3
2013.11.26 23:15 B C:\Haftorah Audio\Audio\Full Clips\shabbat-chanukah-1.mp3 --> zim.us /Audio/Full Clips shabbat-chanukah-1.mp3
2013.11.26 23:16 B C:\Haftorah Audio\Audio\Full Clips\shabbat-chanukah-2.mp3 --> zim.us /Audio/Full Clips shabbat-chanukah-2.mp3
2013.11.26 23:17 B C:\Haftorah Audio\Audio\Full Clips\shabbat-rosh-chodesh.mp3 --> zim.us /Audio/Full Clips shabbat-rosh-chodesh.mp3
2013.11.26 23:18 B C:\Haftorah Audio\Audio\Full Clips\shavuot-1.mp3 --> zim.us /Audio/Full Clips shavuot-1.mp3
2013.11.26 23:18 B C:\Haftorah Audio\Audio\Full Clips\shekalim-ashk.mp3 --> zim.us /Audio/Full Clips shekalim-ashk.mp3
2013.11.26 23:19 B C:\Haftorah Audio\Audio\Full Clips\shekalim-seph.mp3 --> zim.us /Audio/Full Clips shekalim-seph.mp3
2013.11.26 23:20 B C:\Haftorah Audio\Audio\Full Clips\shelach-lecha.mp3 --> zim.us /Audio/Full Clips shelach-lecha.mp3
2013.11.26 23:21 B C:\Haftorah Audio\Audio\Full Clips\shemini-atzeret.mp3 --> zim.us /Audio/Full Clips shemini-atzeret.mp3
2013.11.26 23:23 B C:\Haftorah Audio\Audio\Full Clips\shemini.mp3 --> zim.us /Audio/Full Clips shemini.mp3
2013.11.26 23:23 B C:\Haftorah Audio\Audio\Full Clips\shemot-ashk.mp3 --> zim.us /Audio/Full Clips shemot-ashk.mp3
2013.11.26 23:24 B C:\Haftorah Audio\Audio\Full Clips\shemot-seph.mp3 --> zim.us /Audio/Full Clips shemot-seph.mp3
2013.11.26 23:25 B C:\Haftorah Audio\Audio\Full Clips\shoftim.mp3 --> zim.us /Audio/Full Clips shoftim.mp3
2013.11.26 23:26 B C:\Haftorah Audio\Audio\Full Clips\shuvah.mp3 --> zim.us /Audio/Full Clips shuvah.mp3
2013.11.26 23:27 B C:\Haftorah Audio\Audio\Full Clips\simchat-torah.mp3 --> zim.us /Audio/Full Clips simchat-torah.mp3
2013.11.26 23:28 B C:\Haftorah Audio\Audio\Full Clips\sukkot-1.mp3 --> zim.us /Audio/Full Clips sukkot-1.mp3
2013.11.26 23:29 B C:\Haftorah Audio\Audio\Full Clips\sukkot-2.mp3 --> zim.us /Audio/Full Clips sukkot-2.mp3
2013.11.26 23:29 B C:\Haftorah Audio\Audio\Full Clips\sukkot-chol-hamoed.mp3 --> zim.us /Audio/Full Clips sukkot-chol-hamoed.mp3
2013.11.26 23:31 B C:\Haftorah Audio\Audio\Full Clips\tazria.mp3 --> zim.us /Audio/Full Clips tazria.mp3
2013.11.26 23:31 B C:\Haftorah Audio\Audio\Full Clips\terumah.mp3 --> zim.us /Audio/Full Clips terumah.mp3
2013.11.26 23:32 B C:\Haftorah Audio\Audio\Full Clips\tetzaveh.mp3 --> zim.us /Audio/Full Clips tetzaveh.mp3
2013.11.26 23:33 B C:\Haftorah Audio\Audio\Full Clips\toldot.mp3 --> zim.us /Audio/Full Clips toldot.mp3
2013.11.26 23:34 B C:\Haftorah Audio\Audio\Full Clips\tzav.mp3 --> zim.us /Audio/Full Clips tzav.mp3
2013.11.26 23:35 B C:\Haftorah Audio\Audio\Full Clips\vaera.mp3 --> zim.us /Audio/Full Clips vaera.mp3
2013.11.26 23:35 B C:\Haftorah Audio\Audio\Full Clips\vayakhel-ashk.mp3 --> zim.us /Audio/Full Clips vayakhel-ashk.mp3
2013.11.26 23:36 B C:\Haftorah Audio\Audio\Full Clips\vayakhel-seph.mp3 --> zim.us /Audio/Full Clips vayakhel-seph.mp3
2013.11.26 23:36 B C:\Haftorah Audio\Audio\Full Clips\vayechi.mp3 --> zim.us /Audio/Full Clips vayechi.mp3
2013.11.26 23:38 B C:\Haftorah Audio\Audio\Full Clips\vayera.mp3 --> zim.us /Audio/Full Clips vayera.mp3
2013.11.26 23:38 B C:\Haftorah Audio\Audio\Full Clips\vayeshev.mp3 --> zim.us /Audio/Full Clips vayeshev.mp3
2013.11.26 23:39 B C:\Haftorah Audio\Audio\Full Clips\vayetze-ashk.mp3 --> zim.us /Audio/Full Clips vayetze-ashk.mp3
2013.11.26 23:40 B C:\Haftorah Audio\Audio\Full Clips\vayetze-seph.mp3 --> zim.us /Audio/Full Clips vayetze-seph.mp3
2013.11.26 23:40 B C:\Haftorah Audio\Audio\Full Clips\vayigash.mp3 --> zim.us /Audio/Full Clips vayigash.mp3
2013.11.26 23:41 B C:\Haftorah Audio\Audio\Full Clips\vayikra.mp3 --> zim.us /Audio/Full Clips vayikra.mp3
2013.11.26 23:42 B C:\Haftorah Audio\Audio\Full Clips\vayishlach.mp3 --> zim.us /Audio/Full Clips vayishlach.mp3
2013.11.26 23:43 B C:\Haftorah Audio\Audio\Full Clips\veetchanan.mp3 --> zim.us /Audio/Full Clips veetchanan.mp3
2013.11.26 23:44 B C:\Haftorah Audio\Audio\Full Clips\yitro-ashk.mp3 --> zim.us /Audio/Full Clips yitro-ashk.mp3
2013.11.26 23:44 B C:\Haftorah Audio\Audio\Full Clips\yitro-seph.mp3 --> zim.us /Audio/Full Clips yitro-seph.mp3
2013.11.26 23:45 B C:\Haftorah Audio\Audio\Full Clips\yom-kippur.mp3 --> zim.us /Audio/Full Clips yom-kippur.mp3
2013.11.26 23:46 B C:\Haftorah Audio\Audio\Full Clips\zachor.mp3 --> zim.us /Audio/Full Clips zachor.mp3
2016.09.02 17:47 B C:\Haftorah Audio\Audio\Full Clips\yonah.mp3 --> zim.us /Audio/Full Clips yonah.mp3
